<?xml version="1.0" encoding="UTF-8"?>
<testsuite xmlns:xsi="http://www.w3.org/2001/XMLSchema-instance" xsi:noNamespaceSchemaLocation="https://maven.apache.org/surefire/maven-surefire-plugin/xsd/surefire-test-report-3.0.xsd" version="3.0" name="ws.AnuncioWSTest" time="1.033" tests="4" errors="0" skipped="0" failures="0">
  <properties>
    <property name="java.specification.version" value="17"/>
    <property name="sun.jnu.encoding" value="UTF-8"/>
    <property name="test.url" value="http://localhost:8081"/>
    <property name="java.class.path" value="/home/amfabian/dev/vvs-projeto/vvs-crud-projeto/target/test-classes:/home/amfabian/dev/vvs-projeto/vvs-crud-projeto/target/classes:/home/amfabian/.m2/repository/io/quarkus/quarkus-arc/2.14.2.Final/quarkus-arc-2.14.2.Final.jar:/home/amfabian/.m2/repository/io/quarkus/arc/arc/2.14.2.Final/arc-2.14.2.Final.jar:/home/amfabian/.m2/repository/jakarta/enterprise/jakarta.enterprise.cdi-api/2.0.2/jakarta.enterprise.cdi-api-2.0.2.jar:/home/amfabian/.m2/repository/jakarta/el/jakarta.el-api/3.0.3/jakarta.el-api-3.0.3.jar:/home/amfabian/.m2/repository/jakarta/interceptor/jakarta.interceptor-api/1.2.5/jakarta.interceptor-api-1.2.5.jar:/home/amfabian/.m2/repository/jakarta/annotation/jakarta.annotation-api/1.3.5/jakarta.annotation-api-1.3.5.jar:/home/amfabian/.m2/repository/io/smallrye/reactive/mutiny/1.8.0/mutiny-1.8.0.jar:/home/amfabian/.m2/repository/org/reactivestreams/reactive-streams/1.0.3/reactive-streams-1.0.3.jar:/home/amfabian/.m2/repository/io/smallrye/common/smallrye-common-annotation/1.13.2/smallrye-common-annotation-1.13.2.jar:/home/amfabian/.m2/repository/org/jboss/logging/jboss-logging/3.5.0.Final/jboss-logging-3.5.0.Final.jar:/home/amfabian/.m2/repository/io/quarkus/quarkus-core/2.14.2.Final/quarkus-core-2.14.2.Final.jar:/home/amfabian/.m2/repository/jakarta/inject/jakarta.inject-api/1.0/jakarta.inject-api-1.0.jar:/home/amfabian/.m2/repository/io/quarkus/quarkus-ide-launcher/2.14.2.Final/quarkus-ide-launcher-2.14.2.Final.jar:/home/amfabian/.m2/repository/io/quarkus/quarkus-development-mode-spi/2.14.2.Final/quarkus-development-mode-spi-2.14.2.Final.jar:/home/amfabian/.m2/repository/io/smallrye/config/smallrye-config/2.12.1/smallrye-config-2.12.1.jar:/home/amfabian/.m2/repository/io/smallrye/config/smallrye-config-core/2.12.1/smallrye-config-core-2.12.1.jar:/home/amfabian/.m2/repository/org/eclipse/microprofile/config/microprofile-config-api/2.0.1/microprofile-config-api-2.0.1.jar:/home/amfabian/.m2/repository/io/smallrye/common/smallrye-common-expression/1.13.2/smallrye-common-expression-1.13.2.jar:/home/amfabian/.m2/repository/io/smallrye/common/smallrye-common-function/1.13.2/smallrye-common-function-1.13.2.jar:/home/amfabian/.m2/repository/io/smallrye/common/smallrye-common-constraint/1.13.2/smallrye-common-constraint-1.13.2.jar:/home/amfabian/.m2/repository/io/smallrye/common/smallrye-common-classloader/1.13.2/smallrye-common-classloader-1.13.2.jar:/home/amfabian/.m2/repository/io/smallrye/config/smallrye-config-common/2.12.1/smallrye-config-common-2.12.1.jar:/home/amfabian/.m2/repository/org/jboss/logmanager/jboss-logmanager-embedded/1.0.11/jboss-logmanager-embedded-1.0.11.jar:/home/amfabian/.m2/repository/org/jboss/logging/jboss-logging-annotations/2.2.1.Final/jboss-logging-annotations-2.2.1.Final.jar:/home/amfabian/.m2/repository/org/jboss/threads/jboss-threads/3.4.3.Final/jboss-threads-3.4.3.Final.jar:/home/amfabian/.m2/repository/org/jboss/slf4j/slf4j-jboss-logmanager/1.2.0.Final/slf4j-jboss-logmanager-1.2.0.Final.jar:/home/amfabian/.m2/repository/org/graalvm/sdk/graal-sdk/22.3.0/graal-sdk-22.3.0.jar:/home/amfabian/.m2/repository/org/wildfly/common/wildfly-common/1.5.4.Final-format-001/wildfly-common-1.5.4.Final-format-001.jar:/home/amfabian/.m2/repository/io/quarkus/quarkus-bootstrap-runner/2.14.2.Final/quarkus-bootstrap-runner-2.14.2.Final.jar:/home/amfabian/.m2/repository/io/github/crac/org-crac/0.1.1/org-crac-0.1.1.jar:/home/amfabian/.m2/repository/io/quarkus/quarkus-fs-util/0.0.9/quarkus-fs-util-0.0.9.jar:/home/amfabian/.m2/repository/org/eclipse/microprofile/context-propagation/microprofile-context-propagation-api/1.2/microprofile-context-propagation-api-1.2.jar:/home/amfabian/.m2/repository/io/quarkus/quarkus-hibernate-orm/2.14.2.Final/quarkus-hibernate-orm-2.14.2.Final.jar:/home/amfabian/.m2/repository/io/quarkus/quarkus-agroal/2.14.2.Final/quarkus-agroal-2.14.2.Final.jar:/home/amfabian/.m2/repository/io/quarkus/quarkus-datasource/2.14.2.Final/quarkus-datasource-2.14.2.Final.jar:/home/amfabian/.m2/repository/io/quarkus/quarkus-datasource-common/2.14.2.Final/quarkus-datasource-common-2.14.2.Final.jar:/home/amfabian/.m2/repository/io/agroal/agroal-api/1.16/agroal-api-1.16.jar:/home/amfabian/.m2/repository/io/agroal/agroal-narayana/1.16/agroal-narayana-1.16.jar:/home/amfabian/.m2/repository/org/jboss/jboss-transaction-spi/7.6.0.Final/jboss-transaction-spi-7.6.0.Final.jar:/home/amfabian/.m2/repository/io/agroal/agroal-pool/1.16/agroal-pool-1.16.jar:/home/amfabian/.m2/repository/io/quarkus/quarkus-credentials/2.14.2.Final/quarkus-credentials-2.14.2.Final.jar:/home/amfabian/.m2/repository/io/quarkus/quarkus-narayana-jta/2.14.2.Final/quarkus-narayana-jta-2.14.2.Final.jar:/home/amfabian/.m2/repository/io/quarkus/quarkus-transaction-annotations/2.14.2.Final/quarkus-transaction-annotations-2.14.2.Final.jar:/home/amfabian/.m2/repository/io/smallrye/smallrye-context-propagation-jta/1.2.2/smallrye-context-propagation-jta-1.2.2.jar:/home/amfabian/.m2/repository/io/smallrye/reactive/smallrye-reactive-converter-api/2.7.0/smallrye-reactive-converter-api-2.7.0.jar:/home/amfabian/.m2/repository/io/smallrye/reactive/smallrye-reactive-converter-mutiny/2.7.0/smallrye-reactive-converter-mutiny-2.7.0.jar:/home/amfabian/.m2/repository/org/jboss/narayana/jta/narayana-jta/5.13.1.Final/narayana-jta-5.13.1.Final.jar:/home/amfabian/.m2/repository/org/jboss/spec/javax/resource/jboss-connector-api_1.7_spec/1.0.0.Final/jboss-connector-api_1.7_spec-1.0.0.Final.jar:/home/amfabian/.m2/repository/org/jboss/narayana/jts/narayana-jts-integration/5.13.1.Final/narayana-jts-integration-5.13.1.Final.jar:/home/amfabian/.m2/repository/org/hibernate/hibernate-core/5.6.14.Final/hibernate-core-5.6.14.Final.jar:/home/amfabian/.m2/repository/net/bytebuddy/byte-buddy/1.12.18/byte-buddy-1.12.18.jar:/home/amfabian/.m2/repository/antlr/antlr/2.7.7/antlr-2.7.7.jar:/home/amfabian/.m2/repository/com/fasterxml/classmate/1.5.1/classmate-1.5.1.jar:/home/amfabian/.m2/repository/org/hibernate/common/hibernate-commons-annotations/5.1.2.Final/hibernate-commons-annotations-5.1.2.Final.jar:/home/amfabian/.m2/repository/org/hibernate/hibernate-graalvm/5.6.14.Final/hibernate-graalvm-5.6.14.Final.jar:/home/amfabian/.m2/repository/org/glassfish/jaxb/jaxb-runtime/2.3.3-b02/jaxb-runtime-2.3.3-b02.jar:/home/amfabian/.m2/repository/org/glassfish/jaxb/txw2/2.3.3-b02/txw2-2.3.3-b02.jar:/home/amfabian/.m2/repository/com/sun/istack/istack-commons-runtime/3.0.10/istack-commons-runtime-3.0.10.jar:/home/amfabian/.m2/repository/com/sun/activation/jakarta.activation/1.2.1/jakarta.activation-1.2.1.jar:/home/amfabian/.m2/repository/org/jboss/spec/javax/xml/bind/jboss-jaxb-api_2.3_spec/2.0.0.Final/jboss-jaxb-api_2.3_spec-2.0.0.Final.jar:/home/amfabian/.m2/repository/jakarta/persistence/jakarta.persistence-api/2.2.3/jakarta.persistence-api-2.2.3.jar:/home/amfabian/.m2/repository/jakarta/transaction/jakarta.transaction-api/1.3.3/jakarta.transaction-api-1.3.3.jar:/home/amfabian/.m2/repository/org/hibernate/quarkus-local-cache/0.1.1/quarkus-local-cache-0.1.1.jar:/home/amfabian/.m2/repository/io/quarkus/quarkus-caffeine/2.14.2.Final/quarkus-caffeine-2.14.2.Final.jar:/home/amfabian/.m2/repository/com/github/ben-manes/caffeine/caffeine/3.1.1/caffeine-3.1.1.jar:/home/amfabian/.m2/repository/io/quarkus/quarkus-hibernate-orm-panache/2.14.2.Final/quarkus-hibernate-orm-panache-2.14.2.Final.jar:/home/amfabian/.m2/repository/io/quarkus/quarkus-hibernate-orm-panache-common/2.14.2.Final/quarkus-hibernate-orm-panache-common-2.14.2.Final.jar:/home/amfabian/.m2/repository/io/quarkus/quarkus-panache-hibernate-common/2.14.2.Final/quarkus-panache-hibernate-common-2.14.2.Final.jar:/home/amfabian/.m2/repository/io/quarkus/quarkus-panache-common/2.14.2.Final/quarkus-panache-common-2.14.2.Final.jar:/home/amfabian/.m2/repository/io/quarkus/quarkus-resteasy-jackson/2.14.2.Final/quarkus-resteasy-jackson-2.14.2.Final.jar:/home/amfabian/.m2/repository/io/quarkus/quarkus-resteasy/2.14.2.Final/quarkus-resteasy-2.14.2.Final.jar:/home/amfabian/.m2/repository/io/quarkus/quarkus-vertx-http/2.14.2.Final/quarkus-vertx-http-2.14.2.Final.jar:/home/amfabian/.m2/repository/io/quarkus/quarkus-security-runtime-spi/2.14.2.Final/quarkus-security-runtime-spi-2.14.2.Final.jar:/home/amfabian/.m2/repository/io/smallrye/common/smallrye-common-vertx-context/1.13.2/smallrye-common-vertx-context-1.13.2.jar:/home/amfabian/.m2/repository/io/vertx/vertx-core/4.3.4/vertx-core-4.3.4.jar:/home/amfabian/.m2/repository/io/netty/netty-codec-http2/4.1.82.Final/netty-codec-http2-4.1.82.Final.jar:/home/amfabian/.m2/repository/io/netty/netty-resolver-dns/4.1.82.Final/netty-resolver-dns-4.1.82.Final.jar:/home/amfabian/.m2/repository/io/netty/netty-codec-dns/4.1.82.Final/netty-codec-dns-4.1.82.Final.jar:/home/amfabian/.m2/repository/io/quarkus/quarkus-vertx-http-dev-console-runtime-spi/2.14.2.Final/quarkus-vertx-http-dev-console-runtime-spi-2.14.2.Final.jar:/home/amfabian/.m2/repository/io/quarkus/security/quarkus-security/1.1.4.Final/quarkus-security-1.1.4.Final.jar:/home/amfabian/.m2/repository/io/quarkus/quarkus-vertx/2.14.2.Final/quarkus-vertx-2.14.2.Final.jar:/home/amfabian/.m2/repository/io/quarkus/quarkus-netty/2.14.2.Final/quarkus-netty-2.14.2.Final.jar:/home/amfabian/.m2/repository/com/aayushatharva/brotli4j/brotli4j/1.8.0/brotli4j-1.8.0.jar:/home/amfabian/.m2/repository/com/aayushatharva/brotli4j/native-linux-x86_64/1.8.0/native-linux-x86_64-1.8.0.jar:/home/amfabian/.m2/repository/io/netty/netty-codec-haproxy/4.1.82.Final/netty-codec-haproxy-4.1.82.Final.jar:/home/amfabian/.m2/repository/io/quarkus/quarkus-vertx-latebound-mdc-provider/2.14.2.Final/quarkus-vertx-latebound-mdc-provider-2.14.2.Final.jar:/home/amfabian/.m2/repository/io/smallrye/reactive/smallrye-mutiny-vertx-core/2.27.0/smallrye-mutiny-vertx-core-2.27.0.jar:/home/amfabian/.m2/repository/io/smallrye/reactive/smallrye-mutiny-vertx-runtime/2.27.0/smallrye-mutiny-vertx-runtime-2.27.0.jar:/home/amfabian/.m2/repository/io/smallrye/reactive/vertx-mutiny-generator/2.27.0/vertx-mutiny-generator-2.27.0.jar:/home/amfabian/.m2/repository/io/vertx/vertx-codegen/4.3.4/vertx-codegen-4.3.4.jar:/home/amfabian/.m2/repository/io/smallrye/smallrye-fault-tolerance-vertx/5.5.0/smallrye-fault-tolerance-vertx-5.5.0.jar:/home/amfabian/.m2/repository/io/smallrye/reactive/smallrye-mutiny-vertx-web/2.27.0/smallrye-mutiny-vertx-web-2.27.0.jar:/home/amfabian/.m2/repository/io/smallrye/reactive/smallrye-mutiny-vertx-web-common/2.27.0/smallrye-mutiny-vertx-web-common-2.27.0.jar:/home/amfabian/.m2/repository/io/smallrye/reactive/smallrye-mutiny-vertx-auth-common/2.27.0/smallrye-mutiny-vertx-auth-common-2.27.0.jar:/home/amfabian/.m2/repository/io/smallrye/reactive/smallrye-mutiny-vertx-bridge-common/2.27.0/smallrye-mutiny-vertx-bridge-common-2.27.0.jar:/home/amfabian/.m2/repository/io/smallrye/reactive/smallrye-mutiny-vertx-uri-template/2.27.0/smallrye-mutiny-vertx-uri-template-2.27.0.jar:/home/amfabian/.m2/repository/io/vertx/vertx-uri-template/4.3.4/vertx-uri-template-4.3.4.jar:/home/amfabian/.m2/repository/io/vertx/vertx-web/4.3.4/vertx-web-4.3.4.jar:/home/amfabian/.m2/repository/io/vertx/vertx-web-common/4.3.4/vertx-web-common-4.3.4.jar:/home/amfabian/.m2/repository/io/vertx/vertx-auth-common/4.3.4/vertx-auth-common-4.3.4.jar:/home/amfabian/.m2/repository/io/vertx/vertx-bridge-common/4.3.4/vertx-bridge-common-4.3.4.jar:/home/amfabian/.m2/repository/io/quarkus/quarkus-resteasy-server-common/2.14.2.Final/quarkus-resteasy-server-common-2.14.2.Final.jar:/home/amfabian/.m2/repository/io/quarkus/quarkus-resteasy-common/2.14.2.Final/quarkus-resteasy-common-2.14.2.Final.jar:/home/amfabian/.m2/repository/org/jboss/resteasy/resteasy-core/4.7.7.Final/resteasy-core-4.7.7.Final.jar:/home/amfabian/.m2/repository/org/jboss/spec/javax/ws/rs/jboss-jaxrs-api_2.1_spec/2.0.1.Final/jboss-jaxrs-api_2.1_spec-2.0.1.Final.jar:/home/amfabian/.m2/repository/org/jboss/resteasy/resteasy-core-spi/4.7.7.Final/resteasy-core-spi-4.7.7.Final.jar:/home/amfabian/.m2/repository/com/ibm/async/asyncutil/0.1.0/asyncutil-0.1.0.jar:/home/amfabian/.m2/repository/io/quarkus/quarkus-jackson/2.14.2.Final/quarkus-jackson-2.14.2.Final.jar:/home/amfabian/.m2/repository/com/fasterxml/jackson/datatype/jackson-datatype-jsr310/2.13.4/jackson-datatype-jsr310-2.13.4.jar:/home/amfabian/.m2/repository/com/fasterxml/jackson/datatype/jackson-datatype-jdk8/2.13.4/jackson-datatype-jdk8-2.13.4.jar:/home/amfabian/.m2/repository/com/fasterxml/jackson/module/jackson-module-parameter-names/2.13.4/jackson-module-parameter-names-2.13.4.jar:/home/amfabian/.m2/repository/org/jboss/resteasy/resteasy-jackson2-provider/4.7.7.Final/resteasy-jackson2-provider-4.7.7.Final.jar:/home/amfabian/.m2/repository/com/fasterxml/jackson/jaxrs/jackson-jaxrs-json-provider/2.13.4/jackson-jaxrs-json-provider-2.13.4.jar:/home/amfabian/.m2/repository/com/fasterxml/jackson/jaxrs/jackson-jaxrs-base/2.13.4/jackson-jaxrs-base-2.13.4.jar:/home/amfabian/.m2/repository/com/fasterxml/jackson/module/jackson-module-jaxb-annotations/2.13.4/jackson-module-jaxb-annotations-2.13.4.jar:/home/amfabian/.m2/repository/com/github/java-json-tools/json-patch/1.13/json-patch-1.13.jar:/home/amfabian/.m2/repository/com/github/java-json-tools/msg-simple/1.2/msg-simple-1.2.jar:/home/amfabian/.m2/repository/com/github/java-json-tools/btf/1.3/btf-1.3.jar:/home/amfabian/.m2/repository/com/github/java-json-tools/jackson-coreutils/2.0/jackson-coreutils-2.0.jar:/home/amfabian/.m2/repository/io/quarkus/quarkus-jdbc-mysql/2.14.2.Final/quarkus-jdbc-mysql-2.14.2.Final.jar:/home/amfabian/.m2/repository/mysql/mysql-connector-java/8.0.30/mysql-connector-java-8.0.30.jar:/home/amfabian/.m2/repository/io/quarkus/quarkus-jacoco/2.14.2.Final/quarkus-jacoco-2.14.2.Final.jar:/home/amfabian/.m2/repository/org/jacoco/org.jacoco.core/0.8.8/org.jacoco.core-0.8.8.jar:/home/amfabian/.m2/repository/org/ow2/asm/asm-tree/9.4/asm-tree-9.4.jar:/home/amfabian/.m2/repository/org/jacoco/org.jacoco.report/0.8.8/org.jacoco.report-0.8.8.jar:/home/amfabian/.m2/repository/org/jacoco/org.jacoco.agent/0.8.8/org.jacoco.agent-0.8.8.jar:/home/amfabian/.m2/repository/org/jacoco/org.jacoco.agent/0.8.8/org.jacoco.agent-0.8.8-runtime.jar:/home/amfabian/.m2/repository/org/ow2/asm/asm-commons/9.4/asm-commons-9.4.jar:/home/amfabian/.m2/repository/io/quarkus/quarkus-container-image-jib/2.14.2.Final/quarkus-container-image-jib-2.14.2.Final.jar:/home/amfabian/.m2/repository/io/quarkus/quarkus-container-image/2.14.2.Final/quarkus-container-image-2.14.2.Final.jar:/home/amfabian/.m2/repository/io/quarkus/quarkus-junit5/2.14.2.Final/quarkus-junit5-2.14.2.Final.jar:/home/amfabian/.m2/repository/io/quarkus/quarkus-bootstrap-core/2.14.2.Final/quarkus-bootstrap-core-2.14.2.Final.jar:/home/amfabian/.m2/repository/io/quarkus/quarkus-bootstrap-app-model/2.14.2.Final/quarkus-bootstrap-app-model-2.14.2.Final.jar:/home/amfabian/.m2/repository/io/smallrye/common/smallrye-common-io/1.13.2/smallrye-common-io-1.13.2.jar:/home/amfabian/.m2/repository/org/eclipse/sisu/org.eclipse.sisu.inject/0.3.5/org.eclipse.sisu.inject-0.3.5.jar:/home/amfabian/.m2/repository/io/quarkus/quarkus-test-common/2.14.2.Final/quarkus-test-common-2.14.2.Final.jar:/home/amfabian/.m2/repository/io/quarkus/quarkus-core-deployment/2.14.2.Final/quarkus-core-deployment-2.14.2.Final.jar:/home/amfabian/.m2/repository/org/aesh/readline/2.2/readline-2.2.jar:/home/amfabian/.m2/repository/org/fusesource/jansi/jansi/1.18/jansi-1.18.jar:/home/amfabian/.m2/repository/org/aesh/aesh/2.6/aesh-2.6.jar:/home/amfabian/.m2/repository/io/quarkus/gizmo/gizmo/1.4.0.Final/gizmo-1.4.0.Final.jar:/home/amfabian/.m2/repository/org/ow2/asm/asm-util/9.4/asm-util-9.4.jar:/home/amfabian/.m2/repository/org/ow2/asm/asm-analysis/9.4/asm-analysis-9.4.jar:/home/amfabian/.m2/repository/io/quarkus/quarkus-class-change-agent/2.14.2.Final/quarkus-class-change-agent-2.14.2.Final.jar:/home/amfabian/.m2/repository/io/quarkus/quarkus-devtools-utilities/2.14.2.Final/quarkus-devtools-utilities-2.14.2.Final.jar:/home/amfabian/.m2/repository/io/quarkus/quarkus-builder/2.14.2.Final/quarkus-builder-2.14.2.Final.jar:/home/amfabian/.m2/repository/org/junit/platform/junit-platform-launcher/1.9.1/junit-platform-launcher-1.9.1.jar:/home/amfabian/.m2/repository/io/quarkus/quarkus-bootstrap-maven-resolver/2.14.2.Final/quarkus-bootstrap-maven-resolver-2.14.2.Final.jar:/home/amfabian/.m2/repository/org/apache/maven/maven-embedder/3.8.6/maven-embedder-3.8.6.jar:/home/amfabian/.m2/repository/org/apache/maven/maven-settings/3.8.6/maven-settings-3.8.6.jar:/home/amfabian/.m2/repository/org/apache/maven/maven-core/3.8.6/maven-core-3.8.6.jar:/home/amfabian/.m2/repository/org/apache/maven/maven-artifact/3.8.6/maven-artifact-3.8.6.jar:/home/amfabian/.m2/repository/org/codehaus/plexus/plexus-component-annotations/2.1.0/plexus-component-annotations-2.1.0.jar:/home/amfabian/.m2/repository/org/apache/maven/maven-plugin-api/3.8.6/maven-plugin-api-3.8.6.jar:/home/amfabian/.m2/repository/org/apache/maven/maven-model/3.8.6/maven-model-3.8.6.jar:/home/amfabian/.m2/repository/org/apache/maven/maven-model-builder/3.8.6/maven-model-builder-3.8.6.jar:/home/amfabian/.m2/repository/org/apache/maven/maven-builder-support/3.8.6/maven-builder-support-3.8.6.jar:/home/amfabian/.m2/repository/org/apache/maven/resolver/maven-resolver-api/1.6.3/maven-resolver-api-1.6.3.jar:/home/amfabian/.m2/repository/org/apache/maven/resolver/maven-resolver-util/1.6.3/maven-resolver-util-1.6.3.jar:/home/amfabian/.m2/repository/org/apache/maven/shared/maven-shared-utils/3.3.4/maven-shared-utils-3.3.4.jar:/home/amfabian/.m2/repository/com/google/inject/guice/4.2.2/guice-4.2.2-no_aop.jar:/home/amfabian/.m2/repository/org/codehaus/plexus/plexus-classworlds/2.6.0/plexus-classworlds-2.6.0.jar:/home/amfabian/.m2/repository/org/codehaus/plexus/plexus-sec-dispatcher/2.0/plexus-sec-dispatcher-2.0.jar:/home/amfabian/.m2/repository/org/codehaus/plexus/plexus-cipher/2.0/plexus-cipher-2.0.jar:/home/amfabian/.m2/repository/commons-cli/commons-cli/1.4/commons-cli-1.4.jar:/home/amfabian/.m2/repository/org/eclipse/sisu/org.eclipse.sisu.plexus/0.3.5/org.eclipse.sisu.plexus-0.3.5.jar:/home/amfabian/.m2/repository/org/apache/maven/maven-settings-builder/3.8.6/maven-settings-builder-3.8.6.jar:/home/amfabian/.m2/repository/org/codehaus/plexus/plexus-interpolation/1.26/plexus-interpolation-1.26.jar:/home/amfabian/.m2/repository/org/apache/maven/maven-resolver-provider/3.8.6/maven-resolver-provider-3.8.6.jar:/home/amfabian/.m2/repository/org/apache/maven/maven-repository-metadata/3.8.6/maven-repository-metadata-3.8.6.jar:/home/amfabian/.m2/repository/org/apache/maven/resolver/maven-resolver-spi/1.6.3/maven-resolver-spi-1.6.3.jar:/home/amfabian/.m2/repository/org/apache/maven/resolver/maven-resolver-impl/1.6.3/maven-resolver-impl-1.6.3.jar:/home/amfabian/.m2/repository/org/codehaus/plexus/plexus-utils/3.3.0/plexus-utils-3.3.0.jar:/home/amfabian/.m2/repository/org/apache/maven/resolver/maven-resolver-connector-basic/1.6.3/maven-resolver-connector-basic-1.6.3.jar:/home/amfabian/.m2/repository/org/apache/maven/resolver/maven-resolver-transport-wagon/1.6.3/maven-resolver-transport-wagon-1.6.3.jar:/home/amfabian/.m2/repository/org/apache/maven/wagon/wagon-http/3.5.1/wagon-http-3.5.1.jar:/home/amfabian/.m2/repository/org/apache/maven/wagon/wagon-http-shared/3.5.1/wagon-http-shared-3.5.1.jar:/home/amfabian/.m2/repository/org/apache/maven/wagon/wagon-provider-api/3.5.1/wagon-provider-api-3.5.1.jar:/home/amfabian/.m2/repository/org/apache/maven/wagon/wagon-file/3.5.1/wagon-file-3.5.1.jar:/home/amfabian/.m2/repository/io/quarkus/quarkus-bootstrap-gradle-resolver/2.14.2.Final/quarkus-bootstrap-gradle-resolver-2.14.2.Final.jar:/home/amfabian/.m2/repository/io/smallrye/jandex/3.0.4/jandex-3.0.4.jar:/home/amfabian/.m2/repository/org/jboss/logging/commons-logging-jboss-logging/1.0.0.Final/commons-logging-jboss-logging-1.0.0.Final.jar:/home/amfabian/.m2/repository/io/quarkus/quarkus-junit5-properties/2.14.2.Final/quarkus-junit5-properties-2.14.2.Final.jar:/home/amfabian/.m2/repository/org/junit/jupiter/junit-jupiter/5.9.1/junit-jupiter-5.9.1.jar:/home/amfabian/.m2/repository/org/junit/jupiter/junit-jupiter-api/5.9.1/junit-jupiter-api-5.9.1.jar:/home/amfabian/.m2/repository/org/opentest4j/opentest4j/1.2.0/opentest4j-1.2.0.jar:/home/amfabian/.m2/repository/org/junit/platform/junit-platform-commons/1.9.1/junit-platform-commons-1.9.1.jar:/home/amfabian/.m2/repository/org/apiguardian/apiguardian-api/1.1.2/apiguardian-api-1.1.2.jar:/home/amfabian/.m2/repository/org/junit/jupiter/junit-jupiter-params/5.9.1/junit-jupiter-params-5.9.1.jar:/home/amfabian/.m2/repository/org/junit/jupiter/junit-jupiter-engine/5.9.1/junit-jupiter-engine-5.9.1.jar:/home/amfabian/.m2/repository/org/junit/platform/junit-platform-engine/1.9.1/junit-platform-engine-1.9.1.jar:/home/amfabian/.m2/repository/com/thoughtworks/xstream/xstream/1.4.19/xstream-1.4.19.jar:/home/amfabian/.m2/repository/io/github/x-stream/mxparser/1.2.2/mxparser-1.2.2.jar:/home/amfabian/.m2/repository/xmlpull/xmlpull/1.1.3.1/xmlpull-1.1.3.1.jar:/home/amfabian/.m2/repository/com/github/tomakehurst/wiremock-jre8/2.33.2/wiremock-jre8-2.33.2.jar:/home/amfabian/.m2/repository/org/eclipse/jetty/jetty-server/9.4.46.v20220331/jetty-server-9.4.46.v20220331.jar:/home/amfabian/.m2/repository/javax/servlet/javax.servlet-api/3.1.0/javax.servlet-api-3.1.0.jar:/home/amfabian/.m2/repository/org/eclipse/jetty/jetty-http/9.4.46.v20220331/jetty-http-9.4.46.v20220331.jar:/home/amfabian/.m2/repository/org/eclipse/jetty/jetty-io/9.4.46.v20220331/jetty-io-9.4.46.v20220331.jar:/home/amfabian/.m2/repository/org/eclipse/jetty/jetty-servlet/9.4.46.v20220331/jetty-servlet-9.4.46.v20220331.jar:/home/amfabian/.m2/repository/org/eclipse/jetty/jetty-security/9.4.46.v20220331/jetty-security-9.4.46.v20220331.jar:/home/amfabian/.m2/repository/org/eclipse/jetty/jetty-util-ajax/9.4.46.v20220331/jetty-util-ajax-9.4.46.v20220331.jar:/home/amfabian/.m2/repository/org/eclipse/jetty/jetty-servlets/9.4.46.v20220331/jetty-servlets-9.4.46.v20220331.jar:/home/amfabian/.m2/repository/org/eclipse/jetty/jetty-continuation/9.4.46.v20220331/jetty-continuation-9.4.46.v20220331.jar:/home/amfabian/.m2/repository/org/eclipse/jetty/jetty-util/9.4.46.v20220331/jetty-util-9.4.46.v20220331.jar:/home/amfabian/.m2/repository/org/eclipse/jetty/jetty-webapp/9.4.46.v20220331/jetty-webapp-9.4.46.v20220331.jar:/home/amfabian/.m2/repository/org/eclipse/jetty/jetty-xml/9.4.46.v20220331/jetty-xml-9.4.46.v20220331.jar:/home/amfabian/.m2/repository/org/eclipse/jetty/jetty-proxy/9.4.46.v20220331/jetty-proxy-9.4.46.v20220331.jar:/home/amfabian/.m2/repository/org/eclipse/jetty/jetty-client/9.4.46.v20220331/jetty-client-9.4.46.v20220331.jar:/home/amfabian/.m2/repository/org/eclipse/jetty/http2/http2-server/9.4.46.v20220331/http2-server-9.4.46.v20220331.jar:/home/amfabian/.m2/repository/org/eclipse/jetty/http2/http2-common/9.4.46.v20220331/http2-common-9.4.46.v20220331.jar:/home/amfabian/.m2/repository/org/eclipse/jetty/http2/http2-hpack/9.4.46.v20220331/http2-hpack-9.4.46.v20220331.jar:/home/amfabian/.m2/repository/org/eclipse/jetty/jetty-alpn-server/9.4.46.v20220331/jetty-alpn-server-9.4.46.v20220331.jar:/home/amfabian/.m2/repository/org/eclipse/jetty/jetty-alpn-java-server/9.4.46.v20220331/jetty-alpn-java-server-9.4.46.v20220331.jar:/home/amfabian/.m2/repository/org/eclipse/jetty/jetty-alpn-openjdk8-server/9.4.46.v20220331/jetty-alpn-openjdk8-server-9.4.46.v20220331.jar:/home/amfabian/.m2/repository/org/eclipse/jetty/jetty-alpn-java-client/9.4.46.v20220331/jetty-alpn-java-client-9.4.46.v20220331.jar:/home/amfabian/.m2/repository/org/eclipse/jetty/jetty-alpn-client/9.4.46.v20220331/jetty-alpn-client-9.4.46.v20220331.jar:/home/amfabian/.m2/repository/org/eclipse/jetty/jetty-alpn-openjdk8-client/9.4.46.v20220331/jetty-alpn-openjdk8-client-9.4.46.v20220331.jar:/home/amfabian/.m2/repository/com/google/guava/guava/31.1-jre/guava-31.1-jre.jar:/home/amfabian/.m2/repository/com/google/guava/failureaccess/1.0.1/failureaccess-1.0.1.jar:/home/amfabian/.m2/repository/org/checkerframework/checker-qual/3.26.0/checker-qual-3.26.0.jar:/home/amfabian/.m2/repository/com/google/errorprone/error_prone_annotations/2.16/error_prone_annotations-2.16.jar:/home/amfabian/.m2/repository/com/google/j2objc/j2objc-annotations/1.3/j2objc-annotations-1.3.jar:/home/amfabian/.m2/repository/com/fasterxml/jackson/core/jackson-core/2.13.4/jackson-core-2.13.4.jar:/home/amfabian/.m2/repository/com/fasterxml/jackson/core/jackson-annotations/2.13.4/jackson-annotations-2.13.4.jar:/home/amfabian/.m2/repository/com/fasterxml/jackson/core/jackson-databind/2.13.4.2/jackson-databind-2.13.4.2.jar:/home/amfabian/.m2/repository/org/apache/httpcomponents/client5/httpclient5/5.1.3/httpclient5-5.1.3.jar:/home/amfabian/.m2/repository/org/apache/httpcomponents/core5/httpcore5/5.1.3/httpcore5-5.1.3.jar:/home/amfabian/.m2/repository/org/apache/httpcomponents/core5/httpcore5-h2/5.1.3/httpcore5-h2-5.1.3.jar:/home/amfabian/.m2/repository/commons-codec/commons-codec/1.15/commons-codec-1.15.jar:/home/amfabian/.m2/repository/org/xmlunit/xmlunit-core/2.9.0/xmlunit-core-2.9.0.jar:/home/amfabian/.m2/repository/jakarta/xml/bind/jakarta.xml.bind-api/2.3.3/jakarta.xml.bind-api-2.3.3.jar:/home/amfabian/.m2/repository/jakarta/activation/jakarta.activation-api/1.2.1/jakarta.activation-api-1.2.1.jar:/home/amfabian/.m2/repository/org/xmlunit/xmlunit-legacy/2.9.0/xmlunit-legacy-2.9.0.jar:/home/amfabian/.m2/repository/org/xmlunit/xmlunit-placeholders/2.9.0/xmlunit-placeholders-2.9.0.jar:/home/amfabian/.m2/repository/net/javacrumbs/json-unit/json-unit-core/2.33.0/json-unit-core-2.33.0.jar:/home/amfabian/.m2/repository/org/hamcrest/hamcrest-core/2.2/hamcrest-core-2.2.jar:/home/amfabian/.m2/repository/com/jayway/jsonpath/json-path/2.7.0/json-path-2.7.0.jar:/home/amfabian/.m2/repository/net/minidev/json-smart/2.4.7/json-smart-2.4.7.jar:/home/amfabian/.m2/repository/net/minidev/accessors-smart/2.4.7/accessors-smart-2.4.7.jar:/home/amfabian/.m2/repository/org/ow2/asm/asm/9.4/asm-9.4.jar:/home/amfabian/.m2/repository/org/slf4j/slf4j-api/1.7.36/slf4j-api-1.7.36.jar:/home/amfabian/.m2/repository/net/sf/jopt-simple/jopt-simple/5.0.4/jopt-simple-5.0.4.jar:/home/amfabian/.m2/repository/org/apache/commons/commons-lang3/3.12.0/commons-lang3-3.12.0.jar:/home/amfabian/.m2/repository/com/github/jknack/handlebars/4.3.0/handlebars-4.3.0.jar:/home/amfabian/.m2/repository/com/github/jknack/handlebars-helpers/4.3.0/handlebars-helpers-4.3.0.jar:/home/amfabian/.m2/repository/commons-fileupload/commons-fileupload/1.4/commons-fileupload-1.4.jar:/home/amfabian/.m2/repository/commons-io/commons-io/2.11.0/commons-io-2.11.0.jar:/home/amfabian/.m2/repository/io/quarkus/quarkus-junit5-mockito/2.14.2.Final/quarkus-junit5-mockito-2.14.2.Final.jar:/home/amfabian/.m2/repository/io/quarkus/quarkus-junit5-mockito-config/2.14.2.Final/quarkus-junit5-mockito-config-2.14.2.Final.jar:/home/amfabian/.m2/repository/io/quarkus/quarkus-arc-deployment/2.14.2.Final/quarkus-arc-deployment-2.14.2.Final.jar:/home/amfabian/.m2/repository/io/quarkus/quarkus-smallrye-context-propagation-spi/2.14.2.Final/quarkus-smallrye-context-propagation-spi-2.14.2.Final.jar:/home/amfabian/.m2/repository/io/quarkus/quarkus-vertx-http-dev-console-spi/2.14.2.Final/quarkus-vertx-http-dev-console-spi-2.14.2.Final.jar:/home/amfabian/.m2/repository/io/quarkus/arc/arc-processor/2.14.2.Final/arc-processor-2.14.2.Final.jar:/home/amfabian/.m2/repository/org/mockito/mockito-core/4.8.1/mockito-core-4.8.1.jar:/home/amfabian/.m2/repository/net/bytebuddy/byte-buddy-agent/1.12.16/byte-buddy-agent-1.12.16.jar:/home/amfabian/.m2/repository/org/objenesis/objenesis/3.2/objenesis-3.2.jar:/home/amfabian/.m2/repository/io/quarkus/quarkus-mutiny/2.14.2.Final/quarkus-mutiny-2.14.2.Final.jar:/home/amfabian/.m2/repository/io/quarkus/quarkus-smallrye-context-propagation/2.14.2.Final/quarkus-smallrye-context-propagation-2.14.2.Final.jar:/home/amfabian/.m2/repository/io/smallrye/smallrye-context-propagation/1.2.2/smallrye-context-propagation-1.2.2.jar:/home/amfabian/.m2/repository/io/smallrye/smallrye-context-propagation-api/1.2.2/smallrye-context-propagation-api-1.2.2.jar:/home/amfabian/.m2/repository/io/smallrye/smallrye-context-propagation-storage/1.2.2/smallrye-context-propagation-storage-1.2.2.jar:/home/amfabian/.m2/repository/io/smallrye/reactive/mutiny-smallrye-context-propagation/1.8.0/mutiny-smallrye-context-propagation-1.8.0.jar:/home/amfabian/.m2/repository/org/seleniumhq/selenium/selenium-java/4.6.0/selenium-java-4.6.0.jar:/home/amfabian/.m2/repository/org/seleniumhq/selenium/selenium-api/4.6.0/selenium-api-4.6.0.jar:/home/amfabian/.m2/repository/org/seleniumhq/selenium/selenium-chrome-driver/4.6.0/selenium-chrome-driver-4.6.0.jar:/home/amfabian/.m2/repository/com/google/auto/service/auto-service-annotations/1.0.1/auto-service-annotations-1.0.1.jar:/home/amfabian/.m2/repository/com/google/auto/service/auto-service/1.0.1/auto-service-1.0.1.jar:/home/amfabian/.m2/repository/com/google/auto/auto-common/1.2/auto-common-1.2.jar:/home/amfabian/.m2/repository/org/seleniumhq/selenium/selenium-chromium-driver/4.6.0/selenium-chromium-driver-4.6.0.jar:/home/amfabian/.m2/repository/org/seleniumhq/selenium/selenium-json/4.6.0/selenium-json-4.6.0.jar:/home/amfabian/.m2/repository/org/seleniumhq/selenium/selenium-devtools-v105/4.6.0/selenium-devtools-v105-4.6.0.jar:/home/amfabian/.m2/repository/org/seleniumhq/selenium/selenium-devtools-v106/4.6.0/selenium-devtools-v106-4.6.0.jar:/home/amfabian/.m2/repository/org/seleniumhq/selenium/selenium-devtools-v107/4.6.0/selenium-devtools-v107-4.6.0.jar:/home/amfabian/.m2/repository/org/seleniumhq/selenium/selenium-devtools-v85/4.6.0/selenium-devtools-v85-4.6.0.jar:/home/amfabian/.m2/repository/org/seleniumhq/selenium/selenium-edge-driver/4.6.0/selenium-edge-driver-4.6.0.jar:/home/amfabian/.m2/repository/org/seleniumhq/selenium/selenium-firefox-driver/4.6.0/selenium-firefox-driver-4.6.0.jar:/home/amfabian/.m2/repository/org/seleniumhq/selenium/selenium-ie-driver/4.6.0/selenium-ie-driver-4.6.0.jar:/home/amfabian/.m2/repository/org/seleniumhq/selenium/selenium-remote-driver/4.6.0/selenium-remote-driver-4.6.0.jar:/home/amfabian/.m2/repository/com/beust/jcommander/1.82/jcommander-1.82.jar:/home/amfabian/.m2/repository/io/netty/netty-buffer/4.1.82.Final/netty-buffer-4.1.82.Final.jar:/home/amfabian/.m2/repository/io/netty/netty-codec-http/4.1.82.Final/netty-codec-http-4.1.82.Final.jar:/home/amfabian/.m2/repository/io/netty/netty-codec/4.1.82.Final/netty-codec-4.1.82.Final.jar:/home/amfabian/.m2/repository/io/netty/netty-handler/4.1.82.Final/netty-handler-4.1.82.Final.jar:/home/amfabian/.m2/repository/io/netty/netty-common/4.1.82.Final/netty-common-4.1.82.Final.jar:/home/amfabian/.m2/repository/io/netty/netty-transport-classes-epoll/4.1.82.Final/netty-transport-classes-epoll-4.1.82.Final.jar:/home/amfabian/.m2/repository/io/netty/netty-transport-classes-kqueue/4.1.82.Final/netty-transport-classes-kqueue-4.1.82.Final.jar:/home/amfabian/.m2/repository/io/netty/netty-transport-native-epoll/4.1.82.Final/netty-transport-native-epoll-4.1.82.Final.jar:/home/amfabian/.m2/repository/io/netty/netty-transport-native-kqueue/4.1.82.Final/netty-transport-native-kqueue-4.1.82.Final.jar:/home/amfabian/.m2/repository/io/netty/netty-transport-native-unix-common/4.1.82.Final/netty-transport-native-unix-common-4.1.82.Final.jar:/home/amfabian/.m2/repository/io/netty/netty-transport/4.1.82.Final/netty-transport-4.1.82.Final.jar:/home/amfabian/.m2/repository/io/netty/netty-resolver/4.1.82.Final/netty-resolver-4.1.82.Final.jar:/home/amfabian/.m2/repository/io/opentelemetry/opentelemetry-api/1.18.0/opentelemetry-api-1.18.0.jar:/home/amfabian/.m2/repository/io/opentelemetry/opentelemetry-context/1.18.0/opentelemetry-context-1.18.0.jar:/home/amfabian/.m2/repository/io/opentelemetry/opentelemetry-exporter-logging/1.18.0/opentelemetry-exporter-logging-1.18.0.jar:/home/amfabian/.m2/repository/io/opentelemetry/opentelemetry-sdk-metrics/1.18.0/opentelemetry-sdk-metrics-1.18.0.jar:/home/amfabian/.m2/repository/io/opentelemetry/opentelemetry-sdk-logs/1.18.0-alpha/opentelemetry-sdk-logs-1.18.0-alpha.jar:/home/amfabian/.m2/repository/io/opentelemetry/opentelemetry-sdk-common/1.18.0/opentelemetry-sdk-common-1.18.0.jar:/home/amfabian/.m2/repository/io/opentelemetry/opentelemetry-sdk-extension-autoconfigure-spi/1.18.0/opentelemetry-sdk-extension-autoconfigure-spi-1.18.0.jar:/home/amfabian/.m2/repository/io/opentelemetry/opentelemetry-sdk-extension-autoconfigure/1.18.0-alpha/opentelemetry-sdk-extension-autoconfigure-1.18.0-alpha.jar:/home/amfabian/.m2/repository/io/opentelemetry/opentelemetry-exporter-common/1.18.0/opentelemetry-exporter-common-1.18.0.jar:/home/amfabian/.m2/repository/io/opentelemetry/opentelemetry-sdk-trace/1.18.0/opentelemetry-sdk-trace-1.18.0.jar:/home/amfabian/.m2/repository/io/opentelemetry/opentelemetry-sdk/1.18.0/opentelemetry-sdk-1.18.0.jar:/home/amfabian/.m2/repository/io/opentelemetry/opentelemetry-semconv/1.18.0-alpha/opentelemetry-semconv-1.18.0-alpha.jar:/home/amfabian/.m2/repository/io/ous/jtoml/2.0.0/jtoml-2.0.0.jar:/home/amfabian/.m2/repository/org/apache/commons/commons-exec/1.3/commons-exec-1.3.jar:/home/amfabian/.m2/repository/org/asynchttpclient/async-http-client/2.12.3/async-http-client-2.12.3.jar:/home/amfabian/.m2/repository/org/asynchttpclient/async-http-client-netty-utils/2.12.3/async-http-client-netty-utils-2.12.3.jar:/home/amfabian/.m2/repository/io/netty/netty-codec-socks/4.1.82.Final/netty-codec-socks-4.1.82.Final.jar:/home/amfabian/.m2/repository/io/netty/netty-handler-proxy/4.1.82.Final/netty-handler-proxy-4.1.82.Final.jar:/home/amfabian/.m2/repository/io/netty/netty-transport-native-epoll/4.1.82.Final/netty-transport-native-epoll-4.1.82.Final-linux-x86_64.jar:/home/amfabian/.m2/repository/io/netty/netty-transport-native-kqueue/4.1.82.Final/netty-transport-native-kqueue-4.1.82.Final-osx-x86_64.jar:/home/amfabian/.m2/repository/com/typesafe/netty/netty-reactive-streams/2.0.4/netty-reactive-streams-2.0.4.jar:/home/amfabian/.m2/repository/org/seleniumhq/selenium/selenium-http/4.6.0/selenium-http-4.6.0.jar:/home/amfabian/.m2/repository/dev/failsafe/failsafe/3.3.0/failsafe-3.3.0.jar:/home/amfabian/.m2/repository/org/seleniumhq/selenium/selenium-manager/4.6.0/selenium-manager-4.6.0.jar:/home/amfabian/.m2/repository/org/seleniumhq/selenium/selenium-safari-driver/4.6.0/selenium-safari-driver-4.6.0.jar:/home/amfabian/.m2/repository/org/seleniumhq/selenium/selenium-support/4.6.0/selenium-support-4.6.0.jar:/home/amfabian/.m2/repository/io/github/bonigarcia/webdrivermanager/5.3.1/webdrivermanager-5.3.1.jar:/home/amfabian/.m2/repository/com/google/code/gson/gson/2.10/gson-2.10.jar:/home/amfabian/.m2/repository/com/github/docker-java/docker-java/3.2.13/docker-java-3.2.13.jar:/home/amfabian/.m2/repository/com/github/docker-java/docker-java-core/3.2.13/docker-java-core-3.2.13.jar:/home/amfabian/.m2/repository/com/github/docker-java/docker-java-api/3.2.13/docker-java-api-3.2.13.jar:/home/amfabian/.m2/repository/org/apache/commons/commons-compress/1.21/commons-compress-1.21.jar:/home/amfabian/.m2/repository/org/bouncycastle/bcpkix-jdk15on/1.70/bcpkix-jdk15on-1.70.jar:/home/amfabian/.m2/repository/org/bouncycastle/bcprov-jdk15on/1.70/bcprov-jdk15on-1.70.jar:/home/amfabian/.m2/repository/org/bouncycastle/bcutil-jdk15on/1.70/bcutil-jdk15on-1.70.jar:/home/amfabian/.m2/repository/org/slf4j/jcl-over-slf4j/1.7.30/jcl-over-slf4j-1.7.30.jar:/home/amfabian/.m2/repository/com/github/docker-java/docker-java-transport-httpclient5/3.2.13/docker-java-transport-httpclient5-3.2.13.jar:/home/amfabian/.m2/repository/com/github/docker-java/docker-java-transport/3.2.13/docker-java-transport-3.2.13.jar:/home/amfabian/.m2/repository/net/java/dev/jna/jna/5.8.0/jna-5.8.0.jar:/home/amfabian/.m2/repository/org/brotli/dec/0.1.2/dec-0.1.2.jar:/home/amfabian/.m2/repository/io/quarkus/quarkus-panache-mock/2.14.2.Final/quarkus-panache-mock-2.14.2.Final.jar:/home/amfabian/.m2/repository/io/quarkus/quarkus-panache-common-deployment/2.14.2.Final/quarkus-panache-common-deployment-2.14.2.Final.jar:/home/amfabian/.m2/repository/jakarta/validation/jakarta.validation-api/2.0.2/jakarta.validation-api-2.0.2.jar:/home/amfabian/.m2/repository/io/rest-assured/rest-assured/4.5.1/rest-assured-4.5.1.jar:/home/amfabian/.m2/repository/org/codehaus/groovy/groovy/3.0.9/groovy-3.0.9.jar:/home/amfabian/.m2/repository/org/codehaus/groovy/groovy-xml/3.0.9/groovy-xml-3.0.9.jar:/home/amfabian/.m2/repository/org/apache/httpcomponents/httpclient/4.5.13/httpclient-4.5.13.jar:/home/amfabian/.m2/repository/org/apache/httpcomponents/httpcore/4.4.15/httpcore-4.4.15.jar:/home/amfabian/.m2/repository/org/apache/httpcomponents/httpmime/4.5.13/httpmime-4.5.13.jar:/home/amfabian/.m2/repository/org/hamcrest/hamcrest/2.1/hamcrest-2.1.jar:/home/amfabian/.m2/repository/org/ccil/cowan/tagsoup/tagsoup/1.2.1/tagsoup-1.2.1.jar:/home/amfabian/.m2/repository/io/rest-assured/json-path/4.5.1/json-path-4.5.1.jar:/home/amfabian/.m2/repository/org/codehaus/groovy/groovy-json/3.0.9/groovy-json-3.0.9.jar:/home/amfabian/.m2/repository/io/rest-assured/rest-assured-common/4.5.1/rest-assured-common-4.5.1.jar:/home/amfabian/.m2/repository/io/rest-assured/xml-path/4.5.1/xml-path-4.5.1.jar:"/>
    <property name="java.vm.vendor" value="Private Build"/>
    <property name="sun.arch.data.model" value="64"/>
    <property name="java.vendor.url" value="Unknown"/>
    <property name="user.timezone" value="America/Sao_Paulo"/>
    <property name="logging.initial-configurator.min-level" value="500"/>
    <property name="os.name" value="Linux"/>
    <property name="java.vm.specification.version" value="17"/>
    <property name="sun.java.launcher" value="SUN_STANDARD"/>
    <property name="user.country" value="BR"/>
    <property name="sun.boot.library.path" value="/usr/lib/jvm/java-17-openjdk-amd64/lib"/>
    <property name="sun.java.command" value="/home/amfabian/dev/vvs-projeto/vvs-crud-projeto/target/surefire/surefirebooter-20221207133429774_3.jar /home/amfabian/dev/vvs-projeto/vvs-crud-projeto/target/surefire 2022-12-07T13-34-29_521-jvmRun1 surefire-20221207133429774_1tmp surefire_0-20221207133429774_2tmp"/>
    <property name="maven.home" value="/usr/share/maven"/>
    <property name="jdk.debug" value="release"/>
    <property name="surefire.test.class.path" value="/home/amfabian/dev/vvs-projeto/vvs-crud-projeto/target/test-classes:/home/amfabian/dev/vvs-projeto/vvs-crud-projeto/target/classes:/home/amfabian/.m2/repository/io/quarkus/quarkus-arc/2.14.2.Final/quarkus-arc-2.14.2.Final.jar:/home/amfabian/.m2/repository/io/quarkus/arc/arc/2.14.2.Final/arc-2.14.2.Final.jar:/home/amfabian/.m2/repository/jakarta/enterprise/jakarta.enterprise.cdi-api/2.0.2/jakarta.enterprise.cdi-api-2.0.2.jar:/home/amfabian/.m2/repository/jakarta/el/jakarta.el-api/3.0.3/jakarta.el-api-3.0.3.jar:/home/amfabian/.m2/repository/jakarta/interceptor/jakarta.interceptor-api/1.2.5/jakarta.interceptor-api-1.2.5.jar:/home/amfabian/.m2/repository/jakarta/annotation/jakarta.annotation-api/1.3.5/jakarta.annotation-api-1.3.5.jar:/home/amfabian/.m2/repository/io/smallrye/reactive/mutiny/1.8.0/mutiny-1.8.0.jar:/home/amfabian/.m2/repository/org/reactivestreams/reactive-streams/1.0.3/reactive-streams-1.0.3.jar:/home/amfabian/.m2/repository/io/smallrye/common/smallrye-common-annotation/1.13.2/smallrye-common-annotation-1.13.2.jar:/home/amfabian/.m2/repository/org/jboss/logging/jboss-logging/3.5.0.Final/jboss-logging-3.5.0.Final.jar:/home/amfabian/.m2/repository/io/quarkus/quarkus-core/2.14.2.Final/quarkus-core-2.14.2.Final.jar:/home/amfabian/.m2/repository/jakarta/inject/jakarta.inject-api/1.0/jakarta.inject-api-1.0.jar:/home/amfabian/.m2/repository/io/quarkus/quarkus-ide-launcher/2.14.2.Final/quarkus-ide-launcher-2.14.2.Final.jar:/home/amfabian/.m2/repository/io/quarkus/quarkus-development-mode-spi/2.14.2.Final/quarkus-development-mode-spi-2.14.2.Final.jar:/home/amfabian/.m2/repository/io/smallrye/config/smallrye-config/2.12.1/smallrye-config-2.12.1.jar:/home/amfabian/.m2/repository/io/smallrye/config/smallrye-config-core/2.12.1/smallrye-config-core-2.12.1.jar:/home/amfabian/.m2/repository/org/eclipse/microprofile/config/microprofile-config-api/2.0.1/microprofile-config-api-2.0.1.jar:/home/amfabian/.m2/repository/io/smallrye/common/smallrye-common-expression/1.13.2/smallrye-common-expression-1.13.2.jar:/home/amfabian/.m2/repository/io/smallrye/common/smallrye-common-function/1.13.2/smallrye-common-function-1.13.2.jar:/home/amfabian/.m2/repository/io/smallrye/common/smallrye-common-constraint/1.13.2/smallrye-common-constraint-1.13.2.jar:/home/amfabian/.m2/repository/io/smallrye/common/smallrye-common-classloader/1.13.2/smallrye-common-classloader-1.13.2.jar:/home/amfabian/.m2/repository/io/smallrye/config/smallrye-config-common/2.12.1/smallrye-config-common-2.12.1.jar:/home/amfabian/.m2/repository/org/jboss/logmanager/jboss-logmanager-embedded/1.0.11/jboss-logmanager-embedded-1.0.11.jar:/home/amfabian/.m2/repository/org/jboss/logging/jboss-logging-annotations/2.2.1.Final/jboss-logging-annotations-2.2.1.Final.jar:/home/amfabian/.m2/repository/org/jboss/threads/jboss-threads/3.4.3.Final/jboss-threads-3.4.3.Final.jar:/home/amfabian/.m2/repository/org/jboss/slf4j/slf4j-jboss-logmanager/1.2.0.Final/slf4j-jboss-logmanager-1.2.0.Final.jar:/home/amfabian/.m2/repository/org/graalvm/sdk/graal-sdk/22.3.0/graal-sdk-22.3.0.jar:/home/amfabian/.m2/repository/org/wildfly/common/wildfly-common/1.5.4.Final-format-001/wildfly-common-1.5.4.Final-format-001.jar:/home/amfabian/.m2/repository/io/quarkus/quarkus-bootstrap-runner/2.14.2.Final/quarkus-bootstrap-runner-2.14.2.Final.jar:/home/amfabian/.m2/repository/io/github/crac/org-crac/0.1.1/org-crac-0.1.1.jar:/home/amfabian/.m2/repository/io/quarkus/quarkus-fs-util/0.0.9/quarkus-fs-util-0.0.9.jar:/home/amfabian/.m2/repository/org/eclipse/microprofile/context-propagation/microprofile-context-propagation-api/1.2/microprofile-context-propagation-api-1.2.jar:/home/amfabian/.m2/repository/io/quarkus/quarkus-hibernate-orm/2.14.2.Final/quarkus-hibernate-orm-2.14.2.Final.jar:/home/amfabian/.m2/repository/io/quarkus/quarkus-agroal/2.14.2.Final/quarkus-agroal-2.14.2.Final.jar:/home/amfabian/.m2/repository/io/quarkus/quarkus-datasource/2.14.2.Final/quarkus-datasource-2.14.2.Final.jar:/home/amfabian/.m2/repository/io/quarkus/quarkus-datasource-common/2.14.2.Final/quarkus-datasource-common-2.14.2.Final.jar:/home/amfabian/.m2/repository/io/agroal/agroal-api/1.16/agroal-api-1.16.jar:/home/amfabian/.m2/repository/io/agroal/agroal-narayana/1.16/agroal-narayana-1.16.jar:/home/amfabian/.m2/repository/org/jboss/jboss-transaction-spi/7.6.0.Final/jboss-transaction-spi-7.6.0.Final.jar:/home/amfabian/.m2/repository/io/agroal/agroal-pool/1.16/agroal-pool-1.16.jar:/home/amfabian/.m2/repository/io/quarkus/quarkus-credentials/2.14.2.Final/quarkus-credentials-2.14.2.Final.jar:/home/amfabian/.m2/repository/io/quarkus/quarkus-narayana-jta/2.14.2.Final/quarkus-narayana-jta-2.14.2.Final.jar:/home/amfabian/.m2/repository/io/quarkus/quarkus-transaction-annotations/2.14.2.Final/quarkus-transaction-annotations-2.14.2.Final.jar:/home/amfabian/.m2/repository/io/smallrye/smallrye-context-propagation-jta/1.2.2/smallrye-context-propagation-jta-1.2.2.jar:/home/amfabian/.m2/repository/io/smallrye/reactive/smallrye-reactive-converter-api/2.7.0/smallrye-reactive-converter-api-2.7.0.jar:/home/amfabian/.m2/repository/io/smallrye/reactive/smallrye-reactive-converter-mutiny/2.7.0/smallrye-reactive-converter-mutiny-2.7.0.jar:/home/amfabian/.m2/repository/org/jboss/narayana/jta/narayana-jta/5.13.1.Final/narayana-jta-5.13.1.Final.jar:/home/amfabian/.m2/repository/org/jboss/spec/javax/resource/jboss-connector-api_1.7_spec/1.0.0.Final/jboss-connector-api_1.7_spec-1.0.0.Final.jar:/home/amfabian/.m2/repository/org/jboss/narayana/jts/narayana-jts-integration/5.13.1.Final/narayana-jts-integration-5.13.1.Final.jar:/home/amfabian/.m2/repository/org/hibernate/hibernate-core/5.6.14.Final/hibernate-core-5.6.14.Final.jar:/home/amfabian/.m2/repository/net/bytebuddy/byte-buddy/1.12.18/byte-buddy-1.12.18.jar:/home/amfabian/.m2/repository/antlr/antlr/2.7.7/antlr-2.7.7.jar:/home/amfabian/.m2/repository/com/fasterxml/classmate/1.5.1/classmate-1.5.1.jar:/home/amfabian/.m2/repository/org/hibernate/common/hibernate-commons-annotations/5.1.2.Final/hibernate-commons-annotations-5.1.2.Final.jar:/home/amfabian/.m2/repository/org/hibernate/hibernate-graalvm/5.6.14.Final/hibernate-graalvm-5.6.14.Final.jar:/home/amfabian/.m2/repository/org/glassfish/jaxb/jaxb-runtime/2.3.3-b02/jaxb-runtime-2.3.3-b02.jar:/home/amfabian/.m2/repository/org/glassfish/jaxb/txw2/2.3.3-b02/txw2-2.3.3-b02.jar:/home/amfabian/.m2/repository/com/sun/istack/istack-commons-runtime/3.0.10/istack-commons-runtime-3.0.10.jar:/home/amfabian/.m2/repository/com/sun/activation/jakarta.activation/1.2.1/jakarta.activation-1.2.1.jar:/home/amfabian/.m2/repository/org/jboss/spec/javax/xml/bind/jboss-jaxb-api_2.3_spec/2.0.0.Final/jboss-jaxb-api_2.3_spec-2.0.0.Final.jar:/home/amfabian/.m2/repository/jakarta/persistence/jakarta.persistence-api/2.2.3/jakarta.persistence-api-2.2.3.jar:/home/amfabian/.m2/repository/jakarta/transaction/jakarta.transaction-api/1.3.3/jakarta.transaction-api-1.3.3.jar:/home/amfabian/.m2/repository/org/hibernate/quarkus-local-cache/0.1.1/quarkus-local-cache-0.1.1.jar:/home/amfabian/.m2/repository/io/quarkus/quarkus-caffeine/2.14.2.Final/quarkus-caffeine-2.14.2.Final.jar:/home/amfabian/.m2/repository/com/github/ben-manes/caffeine/caffeine/3.1.1/caffeine-3.1.1.jar:/home/amfabian/.m2/repository/io/quarkus/quarkus-hibernate-orm-panache/2.14.2.Final/quarkus-hibernate-orm-panache-2.14.2.Final.jar:/home/amfabian/.m2/repository/io/quarkus/quarkus-hibernate-orm-panache-common/2.14.2.Final/quarkus-hibernate-orm-panache-common-2.14.2.Final.jar:/home/amfabian/.m2/repository/io/quarkus/quarkus-panache-hibernate-common/2.14.2.Final/quarkus-panache-hibernate-common-2.14.2.Final.jar:/home/amfabian/.m2/repository/io/quarkus/quarkus-panache-common/2.14.2.Final/quarkus-panache-common-2.14.2.Final.jar:/home/amfabian/.m2/repository/io/quarkus/quarkus-resteasy-jackson/2.14.2.Final/quarkus-resteasy-jackson-2.14.2.Final.jar:/home/amfabian/.m2/repository/io/quarkus/quarkus-resteasy/2.14.2.Final/quarkus-resteasy-2.14.2.Final.jar:/home/amfabian/.m2/repository/io/quarkus/quarkus-vertx-http/2.14.2.Final/quarkus-vertx-http-2.14.2.Final.jar:/home/amfabian/.m2/repository/io/quarkus/quarkus-security-runtime-spi/2.14.2.Final/quarkus-security-runtime-spi-2.14.2.Final.jar:/home/amfabian/.m2/repository/io/smallrye/common/smallrye-common-vertx-context/1.13.2/smallrye-common-vertx-context-1.13.2.jar:/home/amfabian/.m2/repository/io/vertx/vertx-core/4.3.4/vertx-core-4.3.4.jar:/home/amfabian/.m2/repository/io/netty/netty-codec-http2/4.1.82.Final/netty-codec-http2-4.1.82.Final.jar:/home/amfabian/.m2/repository/io/netty/netty-resolver-dns/4.1.82.Final/netty-resolver-dns-4.1.82.Final.jar:/home/amfabian/.m2/repository/io/netty/netty-codec-dns/4.1.82.Final/netty-codec-dns-4.1.82.Final.jar:/home/amfabian/.m2/repository/io/quarkus/quarkus-vertx-http-dev-console-runtime-spi/2.14.2.Final/quarkus-vertx-http-dev-console-runtime-spi-2.14.2.Final.jar:/home/amfabian/.m2/repository/io/quarkus/security/quarkus-security/1.1.4.Final/quarkus-security-1.1.4.Final.jar:/home/amfabian/.m2/repository/io/quarkus/quarkus-vertx/2.14.2.Final/quarkus-vertx-2.14.2.Final.jar:/home/amfabian/.m2/repository/io/quarkus/quarkus-netty/2.14.2.Final/quarkus-netty-2.14.2.Final.jar:/home/amfabian/.m2/repository/com/aayushatharva/brotli4j/brotli4j/1.8.0/brotli4j-1.8.0.jar:/home/amfabian/.m2/repository/com/aayushatharva/brotli4j/native-linux-x86_64/1.8.0/native-linux-x86_64-1.8.0.jar:/home/amfabian/.m2/repository/io/netty/netty-codec-haproxy/4.1.82.Final/netty-codec-haproxy-4.1.82.Final.jar:/home/amfabian/.m2/repository/io/quarkus/quarkus-vertx-latebound-mdc-provider/2.14.2.Final/quarkus-vertx-latebound-mdc-provider-2.14.2.Final.jar:/home/amfabian/.m2/repository/io/smallrye/reactive/smallrye-mutiny-vertx-core/2.27.0/smallrye-mutiny-vertx-core-2.27.0.jar:/home/amfabian/.m2/repository/io/smallrye/reactive/smallrye-mutiny-vertx-runtime/2.27.0/smallrye-mutiny-vertx-runtime-2.27.0.jar:/home/amfabian/.m2/repository/io/smallrye/reactive/vertx-mutiny-generator/2.27.0/vertx-mutiny-generator-2.27.0.jar:/home/amfabian/.m2/repository/io/vertx/vertx-codegen/4.3.4/vertx-codegen-4.3.4.jar:/home/amfabian/.m2/repository/io/smallrye/smallrye-fault-tolerance-vertx/5.5.0/smallrye-fault-tolerance-vertx-5.5.0.jar:/home/amfabian/.m2/repository/io/smallrye/reactive/smallrye-mutiny-vertx-web/2.27.0/smallrye-mutiny-vertx-web-2.27.0.jar:/home/amfabian/.m2/repository/io/smallrye/reactive/smallrye-mutiny-vertx-web-common/2.27.0/smallrye-mutiny-vertx-web-common-2.27.0.jar:/home/amfabian/.m2/repository/io/smallrye/reactive/smallrye-mutiny-vertx-auth-common/2.27.0/smallrye-mutiny-vertx-auth-common-2.27.0.jar:/home/amfabian/.m2/repository/io/smallrye/reactive/smallrye-mutiny-vertx-bridge-common/2.27.0/smallrye-mutiny-vertx-bridge-common-2.27.0.jar:/home/amfabian/.m2/repository/io/smallrye/reactive/smallrye-mutiny-vertx-uri-template/2.27.0/smallrye-mutiny-vertx-uri-template-2.27.0.jar:/home/amfabian/.m2/repository/io/vertx/vertx-uri-template/4.3.4/vertx-uri-template-4.3.4.jar:/home/amfabian/.m2/repository/io/vertx/vertx-web/4.3.4/vertx-web-4.3.4.jar:/home/amfabian/.m2/repository/io/vertx/vertx-web-common/4.3.4/vertx-web-common-4.3.4.jar:/home/amfabian/.m2/repository/io/vertx/vertx-auth-common/4.3.4/vertx-auth-common-4.3.4.jar:/home/amfabian/.m2/repository/io/vertx/vertx-bridge-common/4.3.4/vertx-bridge-common-4.3.4.jar:/home/amfabian/.m2/repository/io/quarkus/quarkus-resteasy-server-common/2.14.2.Final/quarkus-resteasy-server-common-2.14.2.Final.jar:/home/amfabian/.m2/repository/io/quarkus/quarkus-resteasy-common/2.14.2.Final/quarkus-resteasy-common-2.14.2.Final.jar:/home/amfabian/.m2/repository/org/jboss/resteasy/resteasy-core/4.7.7.Final/resteasy-core-4.7.7.Final.jar:/home/amfabian/.m2/repository/org/jboss/spec/javax/ws/rs/jboss-jaxrs-api_2.1_spec/2.0.1.Final/jboss-jaxrs-api_2.1_spec-2.0.1.Final.jar:/home/amfabian/.m2/repository/org/jboss/resteasy/resteasy-core-spi/4.7.7.Final/resteasy-core-spi-4.7.7.Final.jar:/home/amfabian/.m2/repository/com/ibm/async/asyncutil/0.1.0/asyncutil-0.1.0.jar:/home/amfabian/.m2/repository/io/quarkus/quarkus-jackson/2.14.2.Final/quarkus-jackson-2.14.2.Final.jar:/home/amfabian/.m2/repository/com/fasterxml/jackson/datatype/jackson-datatype-jsr310/2.13.4/jackson-datatype-jsr310-2.13.4.jar:/home/amfabian/.m2/repository/com/fasterxml/jackson/datatype/jackson-datatype-jdk8/2.13.4/jackson-datatype-jdk8-2.13.4.jar:/home/amfabian/.m2/repository/com/fasterxml/jackson/module/jackson-module-parameter-names/2.13.4/jackson-module-parameter-names-2.13.4.jar:/home/amfabian/.m2/repository/org/jboss/resteasy/resteasy-jackson2-provider/4.7.7.Final/resteasy-jackson2-provider-4.7.7.Final.jar:/home/amfabian/.m2/repository/com/fasterxml/jackson/jaxrs/jackson-jaxrs-json-provider/2.13.4/jackson-jaxrs-json-provider-2.13.4.jar:/home/amfabian/.m2/repository/com/fasterxml/jackson/jaxrs/jackson-jaxrs-base/2.13.4/jackson-jaxrs-base-2.13.4.jar:/home/amfabian/.m2/repository/com/fasterxml/jackson/module/jackson-module-jaxb-annotations/2.13.4/jackson-module-jaxb-annotations-2.13.4.jar:/home/amfabian/.m2/repository/com/github/java-json-tools/json-patch/1.13/json-patch-1.13.jar:/home/amfabian/.m2/repository/com/github/java-json-tools/msg-simple/1.2/msg-simple-1.2.jar:/home/amfabian/.m2/repository/com/github/java-json-tools/btf/1.3/btf-1.3.jar:/home/amfabian/.m2/repository/com/github/java-json-tools/jackson-coreutils/2.0/jackson-coreutils-2.0.jar:/home/amfabian/.m2/repository/io/quarkus/quarkus-jdbc-mysql/2.14.2.Final/quarkus-jdbc-mysql-2.14.2.Final.jar:/home/amfabian/.m2/repository/mysql/mysql-connector-java/8.0.30/mysql-connector-java-8.0.30.jar:/home/amfabian/.m2/repository/io/quarkus/quarkus-jacoco/2.14.2.Final/quarkus-jacoco-2.14.2.Final.jar:/home/amfabian/.m2/repository/org/jacoco/org.jacoco.core/0.8.8/org.jacoco.core-0.8.8.jar:/home/amfabian/.m2/repository/org/ow2/asm/asm-tree/9.4/asm-tree-9.4.jar:/home/amfabian/.m2/repository/org/jacoco/org.jacoco.report/0.8.8/org.jacoco.report-0.8.8.jar:/home/amfabian/.m2/repository/org/jacoco/org.jacoco.agent/0.8.8/org.jacoco.agent-0.8.8.jar:/home/amfabian/.m2/repository/org/jacoco/org.jacoco.agent/0.8.8/org.jacoco.agent-0.8.8-runtime.jar:/home/amfabian/.m2/repository/org/ow2/asm/asm-commons/9.4/asm-commons-9.4.jar:/home/amfabian/.m2/repository/io/quarkus/quarkus-container-image-jib/2.14.2.Final/quarkus-container-image-jib-2.14.2.Final.jar:/home/amfabian/.m2/repository/io/quarkus/quarkus-container-image/2.14.2.Final/quarkus-container-image-2.14.2.Final.jar:/home/amfabian/.m2/repository/io/quarkus/quarkus-junit5/2.14.2.Final/quarkus-junit5-2.14.2.Final.jar:/home/amfabian/.m2/repository/io/quarkus/quarkus-bootstrap-core/2.14.2.Final/quarkus-bootstrap-core-2.14.2.Final.jar:/home/amfabian/.m2/repository/io/quarkus/quarkus-bootstrap-app-model/2.14.2.Final/quarkus-bootstrap-app-model-2.14.2.Final.jar:/home/amfabian/.m2/repository/io/smallrye/common/smallrye-common-io/1.13.2/smallrye-common-io-1.13.2.jar:/home/amfabian/.m2/repository/org/eclipse/sisu/org.eclipse.sisu.inject/0.3.5/org.eclipse.sisu.inject-0.3.5.jar:/home/amfabian/.m2/repository/io/quarkus/quarkus-test-common/2.14.2.Final/quarkus-test-common-2.14.2.Final.jar:/home/amfabian/.m2/repository/io/quarkus/quarkus-core-deployment/2.14.2.Final/quarkus-core-deployment-2.14.2.Final.jar:/home/amfabian/.m2/repository/org/aesh/readline/2.2/readline-2.2.jar:/home/amfabian/.m2/repository/org/fusesource/jansi/jansi/1.18/jansi-1.18.jar:/home/amfabian/.m2/repository/org/aesh/aesh/2.6/aesh-2.6.jar:/home/amfabian/.m2/repository/io/quarkus/gizmo/gizmo/1.4.0.Final/gizmo-1.4.0.Final.jar:/home/amfabian/.m2/repository/org/ow2/asm/asm-util/9.4/asm-util-9.4.jar:/home/amfabian/.m2/repository/org/ow2/asm/asm-analysis/9.4/asm-analysis-9.4.jar:/home/amfabian/.m2/repository/io/quarkus/quarkus-class-change-agent/2.14.2.Final/quarkus-class-change-agent-2.14.2.Final.jar:/home/amfabian/.m2/repository/io/quarkus/quarkus-devtools-utilities/2.14.2.Final/quarkus-devtools-utilities-2.14.2.Final.jar:/home/amfabian/.m2/repository/io/quarkus/quarkus-builder/2.14.2.Final/quarkus-builder-2.14.2.Final.jar:/home/amfabian/.m2/repository/org/junit/platform/junit-platform-launcher/1.9.1/junit-platform-launcher-1.9.1.jar:/home/amfabian/.m2/repository/io/quarkus/quarkus-bootstrap-maven-resolver/2.14.2.Final/quarkus-bootstrap-maven-resolver-2.14.2.Final.jar:/home/amfabian/.m2/repository/org/apache/maven/maven-embedder/3.8.6/maven-embedder-3.8.6.jar:/home/amfabian/.m2/repository/org/apache/maven/maven-settings/3.8.6/maven-settings-3.8.6.jar:/home/amfabian/.m2/repository/org/apache/maven/maven-core/3.8.6/maven-core-3.8.6.jar:/home/amfabian/.m2/repository/org/apache/maven/maven-artifact/3.8.6/maven-artifact-3.8.6.jar:/home/amfabian/.m2/repository/org/codehaus/plexus/plexus-component-annotations/2.1.0/plexus-component-annotations-2.1.0.jar:/home/amfabian/.m2/repository/org/apache/maven/maven-plugin-api/3.8.6/maven-plugin-api-3.8.6.jar:/home/amfabian/.m2/repository/org/apache/maven/maven-model/3.8.6/maven-model-3.8.6.jar:/home/amfabian/.m2/repository/org/apache/maven/maven-model-builder/3.8.6/maven-model-builder-3.8.6.jar:/home/amfabian/.m2/repository/org/apache/maven/maven-builder-support/3.8.6/maven-builder-support-3.8.6.jar:/home/amfabian/.m2/repository/org/apache/maven/resolver/maven-resolver-api/1.6.3/maven-resolver-api-1.6.3.jar:/home/amfabian/.m2/repository/org/apache/maven/resolver/maven-resolver-util/1.6.3/maven-resolver-util-1.6.3.jar:/home/amfabian/.m2/repository/org/apache/maven/shared/maven-shared-utils/3.3.4/maven-shared-utils-3.3.4.jar:/home/amfabian/.m2/repository/com/google/inject/guice/4.2.2/guice-4.2.2-no_aop.jar:/home/amfabian/.m2/repository/org/codehaus/plexus/plexus-classworlds/2.6.0/plexus-classworlds-2.6.0.jar:/home/amfabian/.m2/repository/org/codehaus/plexus/plexus-sec-dispatcher/2.0/plexus-sec-dispatcher-2.0.jar:/home/amfabian/.m2/repository/org/codehaus/plexus/plexus-cipher/2.0/plexus-cipher-2.0.jar:/home/amfabian/.m2/repository/commons-cli/commons-cli/1.4/commons-cli-1.4.jar:/home/amfabian/.m2/repository/org/eclipse/sisu/org.eclipse.sisu.plexus/0.3.5/org.eclipse.sisu.plexus-0.3.5.jar:/home/amfabian/.m2/repository/org/apache/maven/maven-settings-builder/3.8.6/maven-settings-builder-3.8.6.jar:/home/amfabian/.m2/repository/org/codehaus/plexus/plexus-interpolation/1.26/plexus-interpolation-1.26.jar:/home/amfabian/.m2/repository/org/apache/maven/maven-resolver-provider/3.8.6/maven-resolver-provider-3.8.6.jar:/home/amfabian/.m2/repository/org/apache/maven/maven-repository-metadata/3.8.6/maven-repository-metadata-3.8.6.jar:/home/amfabian/.m2/repository/org/apache/maven/resolver/maven-resolver-spi/1.6.3/maven-resolver-spi-1.6.3.jar:/home/amfabian/.m2/repository/org/apache/maven/resolver/maven-resolver-impl/1.6.3/maven-resolver-impl-1.6.3.jar:/home/amfabian/.m2/repository/org/codehaus/plexus/plexus-utils/3.3.0/plexus-utils-3.3.0.jar:/home/amfabian/.m2/repository/org/apache/maven/resolver/maven-resolver-connector-basic/1.6.3/maven-resolver-connector-basic-1.6.3.jar:/home/amfabian/.m2/repository/org/apache/maven/resolver/maven-resolver-transport-wagon/1.6.3/maven-resolver-transport-wagon-1.6.3.jar:/home/amfabian/.m2/repository/org/apache/maven/wagon/wagon-http/3.5.1/wagon-http-3.5.1.jar:/home/amfabian/.m2/repository/org/apache/maven/wagon/wagon-http-shared/3.5.1/wagon-http-shared-3.5.1.jar:/home/amfabian/.m2/repository/org/apache/maven/wagon/wagon-provider-api/3.5.1/wagon-provider-api-3.5.1.jar:/home/amfabian/.m2/repository/org/apache/maven/wagon/wagon-file/3.5.1/wagon-file-3.5.1.jar:/home/amfabian/.m2/repository/io/quarkus/quarkus-bootstrap-gradle-resolver/2.14.2.Final/quarkus-bootstrap-gradle-resolver-2.14.2.Final.jar:/home/amfabian/.m2/repository/io/smallrye/jandex/3.0.4/jandex-3.0.4.jar:/home/amfabian/.m2/repository/org/jboss/logging/commons-logging-jboss-logging/1.0.0.Final/commons-logging-jboss-logging-1.0.0.Final.jar:/home/amfabian/.m2/repository/io/quarkus/quarkus-junit5-properties/2.14.2.Final/quarkus-junit5-properties-2.14.2.Final.jar:/home/amfabian/.m2/repository/org/junit/jupiter/junit-jupiter/5.9.1/junit-jupiter-5.9.1.jar:/home/amfabian/.m2/repository/org/junit/jupiter/junit-jupiter-api/5.9.1/junit-jupiter-api-5.9.1.jar:/home/amfabian/.m2/repository/org/opentest4j/opentest4j/1.2.0/opentest4j-1.2.0.jar:/home/amfabian/.m2/repository/org/junit/platform/junit-platform-commons/1.9.1/junit-platform-commons-1.9.1.jar:/home/amfabian/.m2/repository/org/apiguardian/apiguardian-api/1.1.2/apiguardian-api-1.1.2.jar:/home/amfabian/.m2/repository/org/junit/jupiter/junit-jupiter-params/5.9.1/junit-jupiter-params-5.9.1.jar:/home/amfabian/.m2/repository/org/junit/jupiter/junit-jupiter-engine/5.9.1/junit-jupiter-engine-5.9.1.jar:/home/amfabian/.m2/repository/org/junit/platform/junit-platform-engine/1.9.1/junit-platform-engine-1.9.1.jar:/home/amfabian/.m2/repository/com/thoughtworks/xstream/xstream/1.4.19/xstream-1.4.19.jar:/home/amfabian/.m2/repository/io/github/x-stream/mxparser/1.2.2/mxparser-1.2.2.jar:/home/amfabian/.m2/repository/xmlpull/xmlpull/1.1.3.1/xmlpull-1.1.3.1.jar:/home/amfabian/.m2/repository/com/github/tomakehurst/wiremock-jre8/2.33.2/wiremock-jre8-2.33.2.jar:/home/amfabian/.m2/repository/org/eclipse/jetty/jetty-server/9.4.46.v20220331/jetty-server-9.4.46.v20220331.jar:/home/amfabian/.m2/repository/javax/servlet/javax.servlet-api/3.1.0/javax.servlet-api-3.1.0.jar:/home/amfabian/.m2/repository/org/eclipse/jetty/jetty-http/9.4.46.v20220331/jetty-http-9.4.46.v20220331.jar:/home/amfabian/.m2/repository/org/eclipse/jetty/jetty-io/9.4.46.v20220331/jetty-io-9.4.46.v20220331.jar:/home/amfabian/.m2/repository/org/eclipse/jetty/jetty-servlet/9.4.46.v20220331/jetty-servlet-9.4.46.v20220331.jar:/home/amfabian/.m2/repository/org/eclipse/jetty/jetty-security/9.4.46.v20220331/jetty-security-9.4.46.v20220331.jar:/home/amfabian/.m2/repository/org/eclipse/jetty/jetty-util-ajax/9.4.46.v20220331/jetty-util-ajax-9.4.46.v20220331.jar:/home/amfabian/.m2/repository/org/eclipse/jetty/jetty-servlets/9.4.46.v20220331/jetty-servlets-9.4.46.v20220331.jar:/home/amfabian/.m2/repository/org/eclipse/jetty/jetty-continuation/9.4.46.v20220331/jetty-continuation-9.4.46.v20220331.jar:/home/amfabian/.m2/repository/org/eclipse/jetty/jetty-util/9.4.46.v20220331/jetty-util-9.4.46.v20220331.jar:/home/amfabian/.m2/repository/org/eclipse/jetty/jetty-webapp/9.4.46.v20220331/jetty-webapp-9.4.46.v20220331.jar:/home/amfabian/.m2/repository/org/eclipse/jetty/jetty-xml/9.4.46.v20220331/jetty-xml-9.4.46.v20220331.jar:/home/amfabian/.m2/repository/org/eclipse/jetty/jetty-proxy/9.4.46.v20220331/jetty-proxy-9.4.46.v20220331.jar:/home/amfabian/.m2/repository/org/eclipse/jetty/jetty-client/9.4.46.v20220331/jetty-client-9.4.46.v20220331.jar:/home/amfabian/.m2/repository/org/eclipse/jetty/http2/http2-server/9.4.46.v20220331/http2-server-9.4.46.v20220331.jar:/home/amfabian/.m2/repository/org/eclipse/jetty/http2/http2-common/9.4.46.v20220331/http2-common-9.4.46.v20220331.jar:/home/amfabian/.m2/repository/org/eclipse/jetty/http2/http2-hpack/9.4.46.v20220331/http2-hpack-9.4.46.v20220331.jar:/home/amfabian/.m2/repository/org/eclipse/jetty/jetty-alpn-server/9.4.46.v20220331/jetty-alpn-server-9.4.46.v20220331.jar:/home/amfabian/.m2/repository/org/eclipse/jetty/jetty-alpn-java-server/9.4.46.v20220331/jetty-alpn-java-server-9.4.46.v20220331.jar:/home/amfabian/.m2/repository/org/eclipse/jetty/jetty-alpn-openjdk8-server/9.4.46.v20220331/jetty-alpn-openjdk8-server-9.4.46.v20220331.jar:/home/amfabian/.m2/repository/org/eclipse/jetty/jetty-alpn-java-client/9.4.46.v20220331/jetty-alpn-java-client-9.4.46.v20220331.jar:/home/amfabian/.m2/repository/org/eclipse/jetty/jetty-alpn-client/9.4.46.v20220331/jetty-alpn-client-9.4.46.v20220331.jar:/home/amfabian/.m2/repository/org/eclipse/jetty/jetty-alpn-openjdk8-client/9.4.46.v20220331/jetty-alpn-openjdk8-client-9.4.46.v20220331.jar:/home/amfabian/.m2/repository/com/google/guava/guava/31.1-jre/guava-31.1-jre.jar:/home/amfabian/.m2/repository/com/google/guava/failureaccess/1.0.1/failureaccess-1.0.1.jar:/home/amfabian/.m2/repository/org/checkerframework/checker-qual/3.26.0/checker-qual-3.26.0.jar:/home/amfabian/.m2/repository/com/google/errorprone/error_prone_annotations/2.16/error_prone_annotations-2.16.jar:/home/amfabian/.m2/repository/com/google/j2objc/j2objc-annotations/1.3/j2objc-annotations-1.3.jar:/home/amfabian/.m2/repository/com/fasterxml/jackson/core/jackson-core/2.13.4/jackson-core-2.13.4.jar:/home/amfabian/.m2/repository/com/fasterxml/jackson/core/jackson-annotations/2.13.4/jackson-annotations-2.13.4.jar:/home/amfabian/.m2/repository/com/fasterxml/jackson/core/jackson-databind/2.13.4.2/jackson-databind-2.13.4.2.jar:/home/amfabian/.m2/repository/org/apache/httpcomponents/client5/httpclient5/5.1.3/httpclient5-5.1.3.jar:/home/amfabian/.m2/repository/org/apache/httpcomponents/core5/httpcore5/5.1.3/httpcore5-5.1.3.jar:/home/amfabian/.m2/repository/org/apache/httpcomponents/core5/httpcore5-h2/5.1.3/httpcore5-h2-5.1.3.jar:/home/amfabian/.m2/repository/commons-codec/commons-codec/1.15/commons-codec-1.15.jar:/home/amfabian/.m2/repository/org/xmlunit/xmlunit-core/2.9.0/xmlunit-core-2.9.0.jar:/home/amfabian/.m2/repository/jakarta/xml/bind/jakarta.xml.bind-api/2.3.3/jakarta.xml.bind-api-2.3.3.jar:/home/amfabian/.m2/repository/jakarta/activation/jakarta.activation-api/1.2.1/jakarta.activation-api-1.2.1.jar:/home/amfabian/.m2/repository/org/xmlunit/xmlunit-legacy/2.9.0/xmlunit-legacy-2.9.0.jar:/home/amfabian/.m2/repository/org/xmlunit/xmlunit-placeholders/2.9.0/xmlunit-placeholders-2.9.0.jar:/home/amfabian/.m2/repository/net/javacrumbs/json-unit/json-unit-core/2.33.0/json-unit-core-2.33.0.jar:/home/amfabian/.m2/repository/org/hamcrest/hamcrest-core/2.2/hamcrest-core-2.2.jar:/home/amfabian/.m2/repository/com/jayway/jsonpath/json-path/2.7.0/json-path-2.7.0.jar:/home/amfabian/.m2/repository/net/minidev/json-smart/2.4.7/json-smart-2.4.7.jar:/home/amfabian/.m2/repository/net/minidev/accessors-smart/2.4.7/accessors-smart-2.4.7.jar:/home/amfabian/.m2/repository/org/ow2/asm/asm/9.4/asm-9.4.jar:/home/amfabian/.m2/repository/org/slf4j/slf4j-api/1.7.36/slf4j-api-1.7.36.jar:/home/amfabian/.m2/repository/net/sf/jopt-simple/jopt-simple/5.0.4/jopt-simple-5.0.4.jar:/home/amfabian/.m2/repository/org/apache/commons/commons-lang3/3.12.0/commons-lang3-3.12.0.jar:/home/amfabian/.m2/repository/com/github/jknack/handlebars/4.3.0/handlebars-4.3.0.jar:/home/amfabian/.m2/repository/com/github/jknack/handlebars-helpers/4.3.0/handlebars-helpers-4.3.0.jar:/home/amfabian/.m2/repository/commons-fileupload/commons-fileupload/1.4/commons-fileupload-1.4.jar:/home/amfabian/.m2/repository/commons-io/commons-io/2.11.0/commons-io-2.11.0.jar:/home/amfabian/.m2/repository/io/quarkus/quarkus-junit5-mockito/2.14.2.Final/quarkus-junit5-mockito-2.14.2.Final.jar:/home/amfabian/.m2/repository/io/quarkus/quarkus-junit5-mockito-config/2.14.2.Final/quarkus-junit5-mockito-config-2.14.2.Final.jar:/home/amfabian/.m2/repository/io/quarkus/quarkus-arc-deployment/2.14.2.Final/quarkus-arc-deployment-2.14.2.Final.jar:/home/amfabian/.m2/repository/io/quarkus/quarkus-smallrye-context-propagation-spi/2.14.2.Final/quarkus-smallrye-context-propagation-spi-2.14.2.Final.jar:/home/amfabian/.m2/repository/io/quarkus/quarkus-vertx-http-dev-console-spi/2.14.2.Final/quarkus-vertx-http-dev-console-spi-2.14.2.Final.jar:/home/amfabian/.m2/repository/io/quarkus/arc/arc-processor/2.14.2.Final/arc-processor-2.14.2.Final.jar:/home/amfabian/.m2/repository/org/mockito/mockito-core/4.8.1/mockito-core-4.8.1.jar:/home/amfabian/.m2/repository/net/bytebuddy/byte-buddy-agent/1.12.16/byte-buddy-agent-1.12.16.jar:/home/amfabian/.m2/repository/org/objenesis/objenesis/3.2/objenesis-3.2.jar:/home/amfabian/.m2/repository/io/quarkus/quarkus-mutiny/2.14.2.Final/quarkus-mutiny-2.14.2.Final.jar:/home/amfabian/.m2/repository/io/quarkus/quarkus-smallrye-context-propagation/2.14.2.Final/quarkus-smallrye-context-propagation-2.14.2.Final.jar:/home/amfabian/.m2/repository/io/smallrye/smallrye-context-propagation/1.2.2/smallrye-context-propagation-1.2.2.jar:/home/amfabian/.m2/repository/io/smallrye/smallrye-context-propagation-api/1.2.2/smallrye-context-propagation-api-1.2.2.jar:/home/amfabian/.m2/repository/io/smallrye/smallrye-context-propagation-storage/1.2.2/smallrye-context-propagation-storage-1.2.2.jar:/home/amfabian/.m2/repository/io/smallrye/reactive/mutiny-smallrye-context-propagation/1.8.0/mutiny-smallrye-context-propagation-1.8.0.jar:/home/amfabian/.m2/repository/org/seleniumhq/selenium/selenium-java/4.6.0/selenium-java-4.6.0.jar:/home/amfabian/.m2/repository/org/seleniumhq/selenium/selenium-api/4.6.0/selenium-api-4.6.0.jar:/home/amfabian/.m2/repository/org/seleniumhq/selenium/selenium-chrome-driver/4.6.0/selenium-chrome-driver-4.6.0.jar:/home/amfabian/.m2/repository/com/google/auto/service/auto-service-annotations/1.0.1/auto-service-annotations-1.0.1.jar:/home/amfabian/.m2/repository/com/google/auto/service/auto-service/1.0.1/auto-service-1.0.1.jar:/home/amfabian/.m2/repository/com/google/auto/auto-common/1.2/auto-common-1.2.jar:/home/amfabian/.m2/repository/org/seleniumhq/selenium/selenium-chromium-driver/4.6.0/selenium-chromium-driver-4.6.0.jar:/home/amfabian/.m2/repository/org/seleniumhq/selenium/selenium-json/4.6.0/selenium-json-4.6.0.jar:/home/amfabian/.m2/repository/org/seleniumhq/selenium/selenium-devtools-v105/4.6.0/selenium-devtools-v105-4.6.0.jar:/home/amfabian/.m2/repository/org/seleniumhq/selenium/selenium-devtools-v106/4.6.0/selenium-devtools-v106-4.6.0.jar:/home/amfabian/.m2/repository/org/seleniumhq/selenium/selenium-devtools-v107/4.6.0/selenium-devtools-v107-4.6.0.jar:/home/amfabian/.m2/repository/org/seleniumhq/selenium/selenium-devtools-v85/4.6.0/selenium-devtools-v85-4.6.0.jar:/home/amfabian/.m2/repository/org/seleniumhq/selenium/selenium-edge-driver/4.6.0/selenium-edge-driver-4.6.0.jar:/home/amfabian/.m2/repository/org/seleniumhq/selenium/selenium-firefox-driver/4.6.0/selenium-firefox-driver-4.6.0.jar:/home/amfabian/.m2/repository/org/seleniumhq/selenium/selenium-ie-driver/4.6.0/selenium-ie-driver-4.6.0.jar:/home/amfabian/.m2/repository/org/seleniumhq/selenium/selenium-remote-driver/4.6.0/selenium-remote-driver-4.6.0.jar:/home/amfabian/.m2/repository/com/beust/jcommander/1.82/jcommander-1.82.jar:/home/amfabian/.m2/repository/io/netty/netty-buffer/4.1.82.Final/netty-buffer-4.1.82.Final.jar:/home/amfabian/.m2/repository/io/netty/netty-codec-http/4.1.82.Final/netty-codec-http-4.1.82.Final.jar:/home/amfabian/.m2/repository/io/netty/netty-codec/4.1.82.Final/netty-codec-4.1.82.Final.jar:/home/amfabian/.m2/repository/io/netty/netty-handler/4.1.82.Final/netty-handler-4.1.82.Final.jar:/home/amfabian/.m2/repository/io/netty/netty-common/4.1.82.Final/netty-common-4.1.82.Final.jar:/home/amfabian/.m2/repository/io/netty/netty-transport-classes-epoll/4.1.82.Final/netty-transport-classes-epoll-4.1.82.Final.jar:/home/amfabian/.m2/repository/io/netty/netty-transport-classes-kqueue/4.1.82.Final/netty-transport-classes-kqueue-4.1.82.Final.jar:/home/amfabian/.m2/repository/io/netty/netty-transport-native-epoll/4.1.82.Final/netty-transport-native-epoll-4.1.82.Final.jar:/home/amfabian/.m2/repository/io/netty/netty-transport-native-kqueue/4.1.82.Final/netty-transport-native-kqueue-4.1.82.Final.jar:/home/amfabian/.m2/repository/io/netty/netty-transport-native-unix-common/4.1.82.Final/netty-transport-native-unix-common-4.1.82.Final.jar:/home/amfabian/.m2/repository/io/netty/netty-transport/4.1.82.Final/netty-transport-4.1.82.Final.jar:/home/amfabian/.m2/repository/io/netty/netty-resolver/4.1.82.Final/netty-resolver-4.1.82.Final.jar:/home/amfabian/.m2/repository/io/opentelemetry/opentelemetry-api/1.18.0/opentelemetry-api-1.18.0.jar:/home/amfabian/.m2/repository/io/opentelemetry/opentelemetry-context/1.18.0/opentelemetry-context-1.18.0.jar:/home/amfabian/.m2/repository/io/opentelemetry/opentelemetry-exporter-logging/1.18.0/opentelemetry-exporter-logging-1.18.0.jar:/home/amfabian/.m2/repository/io/opentelemetry/opentelemetry-sdk-metrics/1.18.0/opentelemetry-sdk-metrics-1.18.0.jar:/home/amfabian/.m2/repository/io/opentelemetry/opentelemetry-sdk-logs/1.18.0-alpha/opentelemetry-sdk-logs-1.18.0-alpha.jar:/home/amfabian/.m2/repository/io/opentelemetry/opentelemetry-sdk-common/1.18.0/opentelemetry-sdk-common-1.18.0.jar:/home/amfabian/.m2/repository/io/opentelemetry/opentelemetry-sdk-extension-autoconfigure-spi/1.18.0/opentelemetry-sdk-extension-autoconfigure-spi-1.18.0.jar:/home/amfabian/.m2/repository/io/opentelemetry/opentelemetry-sdk-extension-autoconfigure/1.18.0-alpha/opentelemetry-sdk-extension-autoconfigure-1.18.0-alpha.jar:/home/amfabian/.m2/repository/io/opentelemetry/opentelemetry-exporter-common/1.18.0/opentelemetry-exporter-common-1.18.0.jar:/home/amfabian/.m2/repository/io/opentelemetry/opentelemetry-sdk-trace/1.18.0/opentelemetry-sdk-trace-1.18.0.jar:/home/amfabian/.m2/repository/io/opentelemetry/opentelemetry-sdk/1.18.0/opentelemetry-sdk-1.18.0.jar:/home/amfabian/.m2/repository/io/opentelemetry/opentelemetry-semconv/1.18.0-alpha/opentelemetry-semconv-1.18.0-alpha.jar:/home/amfabian/.m2/repository/io/ous/jtoml/2.0.0/jtoml-2.0.0.jar:/home/amfabian/.m2/repository/org/apache/commons/commons-exec/1.3/commons-exec-1.3.jar:/home/amfabian/.m2/repository/org/asynchttpclient/async-http-client/2.12.3/async-http-client-2.12.3.jar:/home/amfabian/.m2/repository/org/asynchttpclient/async-http-client-netty-utils/2.12.3/async-http-client-netty-utils-2.12.3.jar:/home/amfabian/.m2/repository/io/netty/netty-codec-socks/4.1.82.Final/netty-codec-socks-4.1.82.Final.jar:/home/amfabian/.m2/repository/io/netty/netty-handler-proxy/4.1.82.Final/netty-handler-proxy-4.1.82.Final.jar:/home/amfabian/.m2/repository/io/netty/netty-transport-native-epoll/4.1.82.Final/netty-transport-native-epoll-4.1.82.Final-linux-x86_64.jar:/home/amfabian/.m2/repository/io/netty/netty-transport-native-kqueue/4.1.82.Final/netty-transport-native-kqueue-4.1.82.Final-osx-x86_64.jar:/home/amfabian/.m2/repository/com/typesafe/netty/netty-reactive-streams/2.0.4/netty-reactive-streams-2.0.4.jar:/home/amfabian/.m2/repository/org/seleniumhq/selenium/selenium-http/4.6.0/selenium-http-4.6.0.jar:/home/amfabian/.m2/repository/dev/failsafe/failsafe/3.3.0/failsafe-3.3.0.jar:/home/amfabian/.m2/repository/org/seleniumhq/selenium/selenium-manager/4.6.0/selenium-manager-4.6.0.jar:/home/amfabian/.m2/repository/org/seleniumhq/selenium/selenium-safari-driver/4.6.0/selenium-safari-driver-4.6.0.jar:/home/amfabian/.m2/repository/org/seleniumhq/selenium/selenium-support/4.6.0/selenium-support-4.6.0.jar:/home/amfabian/.m2/repository/io/github/bonigarcia/webdrivermanager/5.3.1/webdrivermanager-5.3.1.jar:/home/amfabian/.m2/repository/com/google/code/gson/gson/2.10/gson-2.10.jar:/home/amfabian/.m2/repository/com/github/docker-java/docker-java/3.2.13/docker-java-3.2.13.jar:/home/amfabian/.m2/repository/com/github/docker-java/docker-java-core/3.2.13/docker-java-core-3.2.13.jar:/home/amfabian/.m2/repository/com/github/docker-java/docker-java-api/3.2.13/docker-java-api-3.2.13.jar:/home/amfabian/.m2/repository/org/apache/commons/commons-compress/1.21/commons-compress-1.21.jar:/home/amfabian/.m2/repository/org/bouncycastle/bcpkix-jdk15on/1.70/bcpkix-jdk15on-1.70.jar:/home/amfabian/.m2/repository/org/bouncycastle/bcprov-jdk15on/1.70/bcprov-jdk15on-1.70.jar:/home/amfabian/.m2/repository/org/bouncycastle/bcutil-jdk15on/1.70/bcutil-jdk15on-1.70.jar:/home/amfabian/.m2/repository/org/slf4j/jcl-over-slf4j/1.7.30/jcl-over-slf4j-1.7.30.jar:/home/amfabian/.m2/repository/com/github/docker-java/docker-java-transport-httpclient5/3.2.13/docker-java-transport-httpclient5-3.2.13.jar:/home/amfabian/.m2/repository/com/github/docker-java/docker-java-transport/3.2.13/docker-java-transport-3.2.13.jar:/home/amfabian/.m2/repository/net/java/dev/jna/jna/5.8.0/jna-5.8.0.jar:/home/amfabian/.m2/repository/org/brotli/dec/0.1.2/dec-0.1.2.jar:/home/amfabian/.m2/repository/io/quarkus/quarkus-panache-mock/2.14.2.Final/quarkus-panache-mock-2.14.2.Final.jar:/home/amfabian/.m2/repository/io/quarkus/quarkus-panache-common-deployment/2.14.2.Final/quarkus-panache-common-deployment-2.14.2.Final.jar:/home/amfabian/.m2/repository/jakarta/validation/jakarta.validation-api/2.0.2/jakarta.validation-api-2.0.2.jar:/home/amfabian/.m2/repository/io/rest-assured/rest-assured/4.5.1/rest-assured-4.5.1.jar:/home/amfabian/.m2/repository/org/codehaus/groovy/groovy/3.0.9/groovy-3.0.9.jar:/home/amfabian/.m2/repository/org/codehaus/groovy/groovy-xml/3.0.9/groovy-xml-3.0.9.jar:/home/amfabian/.m2/repository/org/apache/httpcomponents/httpclient/4.5.13/httpclient-4.5.13.jar:/home/amfabian/.m2/repository/org/apache/httpcomponents/httpcore/4.4.15/httpcore-4.4.15.jar:/home/amfabian/.m2/repository/org/apache/httpcomponents/httpmime/4.5.13/httpmime-4.5.13.jar:/home/amfabian/.m2/repository/org/hamcrest/hamcrest/2.1/hamcrest-2.1.jar:/home/amfabian/.m2/repository/org/ccil/cowan/tagsoup/tagsoup/1.2.1/tagsoup-1.2.1.jar:/home/amfabian/.m2/repository/io/rest-assured/json-path/4.5.1/json-path-4.5.1.jar:/home/amfabian/.m2/repository/org/codehaus/groovy/groovy-json/3.0.9/groovy-json-3.0.9.jar:/home/amfabian/.m2/repository/io/rest-assured/rest-assured-common/4.5.1/rest-assured-common-4.5.1.jar:/home/amfabian/.m2/repository/io/rest-assured/xml-path/4.5.1/xml-path-4.5.1.jar:"/>
    <property name="sun.cpu.endian" value="little"/>
    <property name="user.home" value="/home/amfabian"/>
    <property name="user.language" value="pt"/>
    <property name="jboss.log-version" value="false"/>
    <property name="java.specification.vendor" value="Oracle Corporation"/>
    <property name="io.netty.allocator.maxOrder" value="3"/>
    <property name="java.version.date" value="2022-10-18"/>
    <property name="java.home" value="/usr/lib/jvm/java-17-openjdk-amd64"/>
    <property name="file.separator" value="/"/>
    <property name="basedir" value="/home/amfabian/dev/vvs-projeto/vvs-crud-projeto"/>
    <property name="java.vm.compressedOopsMode" value="Zero based"/>
    <property name="line.separator" value="&#10;"/>
    <property name="java.specification.name" value="Java Platform API Specification"/>
    <property name="java.vm.specification.vendor" value="Oracle Corporation"/>
    <property name="surefire.real.class.path" value="/home/amfabian/dev/vvs-projeto/vvs-crud-projeto/target/surefire/surefirebooter-20221207133429774_3.jar"/>
    <property name="sun.management.compiler" value="HotSpot 64-Bit Tiered Compilers"/>
    <property name="java.runtime.version" value="17.0.5+8-Ubuntu-2ubuntu122.04"/>
    <property name="user.name" value="amfabian"/>
    <property name="com.mysql.cj.disableAbandonedConnectionCleanup" value="true"/>
    <property name="dev.resteasy.exception.mapper" value="false"/>
    <property name="path.separator" value=":"/>
    <property name="os.version" value="5.15.0-56-generic"/>
    <property name="java.runtime.name" value="OpenJDK Runtime Environment"/>
    <property name="file.encoding" value="UTF-8"/>
    <property name="java.vm.name" value="OpenJDK 64-Bit Server VM"/>
    <property name="localRepository" value="/home/amfabian/.m2/repository"/>
    <property name="java.vendor.url.bug" value="Unknown"/>
    <property name="java.io.tmpdir" value="/tmp"/>
    <property name="quarkus.log.file.path" value="target/quarkus.log"/>
    <property name="java.version" value="17.0.5"/>
    <property name="java.util.concurrent.ForkJoinPool.common.threadFactory" value="io.quarkus.bootstrap.forkjoin.QuarkusForkJoinWorkerThreadFactory"/>
    <property name="user.dir" value="/home/amfabian/dev/vvs-projeto/vvs-crud-projeto"/>
    <property name="os.arch" value="amd64"/>
    <property name="hibernate.bytecode.provider" value="none"/>
    <property name="java.vm.specification.name" value="Java Virtual Machine Specification"/>
    <property name="vertx.disableDnsResolver" value="true"/>
    <property name="native.encoding" value="UTF-8"/>
    <property name="java.util.logging.manager" value="org.jboss.logmanager.LogManager"/>
    <property name="java.library.path" value="/usr/java/packages/lib:/usr/lib/x86_64-linux-gnu/jni:/lib/x86_64-linux-gnu:/usr/lib/x86_64-linux-gnu:/usr/lib/jni:/lib:/usr/lib"/>
    <property name="java.vm.info" value="mixed mode, sharing"/>
    <property name="java.vendor" value="Private Build"/>
    <property name="vertx.disableTCCL" value="true"/>
    <property name="java.vm.version" value="17.0.5+8-Ubuntu-2ubuntu122.04"/>
    <property name="sun.io.unicode.encoding" value="UnicodeLittle"/>
    <property name="io.netty.machineId" value="84:87:9f:e3:f4:4c:ed:06"/>
    <property name="java.class.version" value="61.0"/>
    <property name="jacoco-agent.destfile" value="/home/amfabian/dev/vvs-projeto/vvs-crud-projeto/target/jacoco-quarkus.exec"/>
  </properties>
  <testcase name="testHome" classname="ws.AnuncioWSTest" time="0.698"/>
  <testcase name="testeAnuncioListEndpoint" classname="ws.AnuncioWSTest" time="0.292"/>
  <testcase name="testeAnuncioListIDEndpoint" classname="ws.AnuncioWSTest" time="0.02"/>
  <testcase name="testErrorPath" classname="ws.AnuncioWSTest" time="0.013"/>
</testsuite>